Starting engine stockfish...
Processing all valid games from PGN file (no ELO filter applied).
Processing game 1 (Sasikiran, Krishnan vs Ni, Hua)...
    ... analyzing move 10
    ... analyzing move 15
    ... analyzing move 20
    ... analyzing move 25
    ... analyzing move 30
    ... analyzing move 35
    ... analyzing move 40
    ... analyzing move 45
    ... analyzing move 50
    ... analyzing move 55
    ... analyzing move 60
    ... analyzing move 65
    ... analyzing move 70
    ... analyzing move 75
    ... analyzing move 80
Processing game 2 (Eljanov, Pavel vs Wang, Hao)...
    ... analyzing move 10
    ... analyzing move 15
    ... analyzing move 20
    ... analyzing move 25
    ... analyzing move 30
    ... analyzing move 35
    ... analyzing move 40
    ... analyzing move 45
    ... analyzing move 50
    ... analyzing move 55
    ... analyzing move 60
Processing game 3 (Bacrot, Etienne vs Karjakin, Sergey)...
    ... analyzing move 10
    ... analyzing move 15
    ... analyzing move 20
    ... analyzing move 25
    ... analyzing move 30
    ... analyzing move 35
    ... analyzing move 40
    ... analyzing move 45
    ... analyzing move 50
    ... analyzing move 55
Processing game 4 (Ponomariov, Ruslan vs Bacrot, Etienne)...
    ... analyzing move 10
    ... analyzing move 15
    ... analyzing move 20
    ... analyzing move 25
    ... analyzing move 30
    ... analyzing move 35
    ... analyzing move 40
    ... analyzing move 45
    ... analyzing move 50
    ... analyzing move 55
    ... analyzing move 60
    ... analyzing move 65
    ... analyzing move 70
    ... analyzing move 75
Processing game 5 (Eljanov, Pavel vs Akopian, Vladimir)...
    ... analyzing move 10
    ... analyzing move 15
    ... analyzing move 20
    ... analyzing move 25
    ... analyzing move 30
    ... analyzing move 35
    ... analyzing move 40
    ... analyzing move 45
    ... analyzing move 50
    ... analyzing move 55
    ... analyzing move 60
    ... analyzing move 65
    ... analyzing move 70
    ... analyzing move 75
    ... analyzing move 80
    ... analyzing move 85
    ... analyzing move 90
    ... analyzing move 95
Processing game 6 (Bu, Xiangzhi vs Ni, Hua)...
    ... analyzing move 10
    ... analyzing move 15
    ... analyzing move 20
    ... analyzing move 25
    ... analyzing move 30
    ... analyzing move 35
    ... analyzing move 40
    ... analyzing move 45
    ... analyzing move 50
    ... analyzing move 55
    ... analyzing move 60
    ... analyzing move 65
    ... analyzing move 70
    ... analyzing move 75
    ... analyzing move 80
Processing game 7 (Wang, Hao vs Ni, Hua)...
    ... analyzing move 10
    ... analyzing move 15
    ... analyzing move 20
    ... analyzing move 25
    ... analyzing move 30
    ... analyzing move 35
    ... analyzing move 40
    ... analyzing move 45
    ... analyzing move 50
    ... analyzing move 55
    ... analyzing move 60
    ... analyzing move 65
    ... analyzing move 70
    ... analyzing move 75
    ... analyzing move 80
Processing game 8 (Nisipeanu, Liviu-Dieter vs Jakovenko, Dmitry)...
    ... analyzing move 10
    ... analyzing move 15
    ... analyzing move 20
    ... analyzing move 25
    ... analyzing move 30
    ... analyzing move 35
    ... analyzing move 40
    ... analyzing move 45
    ... analyzing move 50
    ... analyzing move 55
    ... analyzing move 60
    ... analyzing move 65
Processing game 9 (Nisipeanu, Liviu-Dieter vs Kamsky, Gata)...
    ... analyzing move 10
    ... analyzing move 15
    ... analyzing move 20
    ... analyzing move 25
    ... analyzing move 30
    ... analyzing move 35
    ... analyzing move 40
    ... analyzing move 45
    ... analyzing move 50
    ... analyzing move 55
    ... analyzing move 60
    ... analyzing move 65
    ... analyzing move 70
    ... analyzing move 75
    ... analyzing move 80
    ... analyzing move 85
    ... analyzing move 90
Processing game 10 (Kamsky, Gata vs Bacrot, Etienne)...
    ... analyzing move 10
    ... analyzing move 15
    ... analyzing move 20
    ... analyzing move 25
    ... analyzing move 30
    ... analyzing move 35
    ... analyzing move 40
    ... analyzing move 45
    ... analyzing move 50
    ... analyzing move 55
Processing game 11 (Sasikiran, Krishnan vs Malakhov, Vladimir)...
    ... analyzing move 10
    ... analyzing move 15
    ... analyzing move 20
    ... analyzing move 25
    ... analyzing move 30
    ... analyzing move 35
    ... analyzing move 40
    ... analyzing move 45
    ... analyzing move 50
    ... analyzing move 55
    ... analyzing move 60
    ... analyzing move 65
    ... analyzing move 70
    ... analyzing move 75
    ... analyzing move 80
    ... analyzing move 85
    ... analyzing move 90
    ... analyzing move 95
    ... analyzing move 100
    ... analyzing move 105
    ... analyzing move 110
    ... analyzing move 115
    ... analyzing move 120
    ... analyzing move 125
    ... analyzing move 130
    ... analyzing move 135
    ... analyzing move 140
    ... analyzing move 145
    ... analyzing move 150
    ... analyzing move 155
    ... analyzing move 160
    ... analyzing move 165
    ... analyzing move 170
    ... analyzing move 175
    ... analyzing move 180
    ... analyzing move 185
    ... analyzing move 190
    ... analyzing move 195
    ... analyzing move 200
    ... analyzing move 205
    ... analyzing move 210
    ... analyzing move 215
    ... analyzing move 220
    ... analyzing move 225
    ... analyzing move 230
    ... analyzing move 235
Processing game 12 (Sasikiran, Krishnan vs Kamsky, Gata)...
    ... analyzing move 10
    ... analyzing move 15
    ... analyzing move 20
    ... analyzing move 25
    ... analyzing move 30
    ... analyzing move 35
    ... analyzing move 40
    ... analyzing move 45
    ... analyzing move 50
    ... analyzing move 55
    ... analyzing move 60
    ... analyzing move 65
    ... analyzing move 70
    ... analyzing move 75
    ... analyzing move 80
    ... analyzing move 85
    ... analyzing move 90
    ... analyzing move 95
    ... analyzing move 100
    ... analyzing move 105
    ... analyzing move 110
    ... analyzing move 115
Processing game 13 (Bu, Xiangzhi vs Rublevsky, Sergei)...
    ... analyzing move 10
    ... analyzing move 15
    ... analyzing move 20
    ... analyzing move 25
    ... analyzing move 30
    ... analyzing move 35
    ... analyzing move 40
    ... analyzing move 45
    ... analyzing move 50
    ... analyzing move 55
    ... analyzing move 60
    ... analyzing move 65
    ... analyzing move 70
    ... analyzing move 75
    ... analyzing move 80
Processing game 14 (Bu, Xiangzhi vs Karjakin, Sergey)...
    ... analyzing move 10
    ... analyzing move 15
    ... analyzing move 20
    ... analyzing move 25
    ... analyzing move 30
    ... analyzing move 35
    ... analyzing move 40
    ... analyzing move 45
    ... analyzing move 50
    ... analyzing move 55
    ... analyzing move 60
    ... analyzing move 65
    ... analyzing move 70
    ... analyzing move 75
    ... analyzing move 80
    ... analyzing move 85
    ... analyzing move 90
    ... analyzing move 95
Processing game 15 (Sasikiran, Krishnan vs Bacrot, Etienne)...
    ... analyzing move 10
    ... analyzing move 15
    ... analyzing move 20
    ... analyzing move 25
    ... analyzing move 30
    ... analyzing move 35
    ... analyzing move 40
    ... analyzing move 45
Processing game 16 (Wang, Hao vs Rublevsky, Sergei)...
    ... analyzing move 10
    ... analyzing move 15
    ... analyzing move 20
    ... analyzing move 25
    ... analyzing move 30
    ... analyzing move 35
    ... analyzing move 40
    ... analyzing move 45
    ... analyzing move 50
    ... analyzing move 55
    ... analyzing move 60
    ... analyzing move 65
Processing game 17 (Bacrot, Etienne vs Dominguez Perez, Leinier)...
    ... analyzing move 10
    ... analyzing move 15
    ... analyzing move 20
    ... analyzing move 25
    ... analyzing move 30
    ... analyzing move 35
    ... analyzing move 40
    ... analyzing move 45
    ... analyzing move 50
    ... analyzing move 55
    ... analyzing move 60
    ... analyzing move 65
    ... analyzing move 70
Processing game 18 (Eljanov, Pavel vs Kasimdzhanov, Rustam)...
    ... analyzing move 10
    ... analyzing move 15
    ... analyzing move 20
    ... analyzing move 25
    ... analyzing move 30
    ... analyzing move 35
    ... analyzing move 40
    ... analyzing move 45
    ... analyzing move 50
    ... analyzing move 55
    ... analyzing move 60
    ... analyzing move 65
    ... analyzing move 70
    ... analyzing move 75
    ... analyzing move 80
    ... analyzing move 85
    ... analyzing move 90
    ... analyzing move 95
    ... analyzing move 100
    ... analyzing move 105
    ... analyzing move 110
    ... analyzing move 115
    ... analyzing move 120
    ... analyzing move 125
Processing game 19 (Kamsky, Gata vs Akopian, Vladimir)...
    ... analyzing move 10
    ... analyzing move 15
    ... analyzing move 20
    ... analyzing move 25
    ... analyzing move 30
    ... analyzing move 35
    ... analyzing move 40
    ... analyzing move 45
    ... analyzing move 50
    ... analyzing move 55
    ... analyzing move 60
    ... analyzing move 65
    ... analyzing move 70
    ... analyzing move 75
    ... analyzing move 80
    ... analyzing move 85
    ... analyzing move 90
Processing game 20 (Alekseev, Evgeny vs Dominguez Perez, Leinier)...
    ... analyzing move 10
    ... analyzing move 15
    ... analyzing move 20
    ... analyzing move 25
    ... analyzing move 30
    ... analyzing move 35
    ... analyzing move 40
    ... analyzing move 45
    ... analyzing move 50
    ... analyzing move 55
    ... analyzing move 60
    ... analyzing move 65
    ... analyzing move 70
Processing game 21 (Alekseev, Evgeny vs Bacrot, Etienne)...
    ... analyzing move 10
    ... analyzing move 15
    ... analyzing move 20
    ... analyzing move 25
    ... analyzing move 30
    ... analyzing move 35
    ... analyzing move 40
    ... analyzing move 45
    ... analyzing move 50
    ... analyzing move 55
    ... analyzing move 60
    ... analyzing move 65
    ... analyzing move 70
    ... analyzing move 75
    ... analyzing move 80
Processing game 22 (Bacrot, Etienne vs Kamsky, Gata)...
    ... analyzing move 10
    ... analyzing move 15
    ... analyzing move 20
    ... analyzing move 25
    ... analyzing move 30
    ... analyzing move 35
    ... analyzing move 40
    ... analyzing move 45
    ... analyzing move 50
    ... analyzing move 55
    ... analyzing move 60
    ... analyzing move 65
    ... analyzing move 70
    ... analyzing move 75
Processing game 23 (Kasimdzhanov, Rustam vs Bacrot, Etienne)...
    ... analyzing move 10
    ... analyzing move 15
    ... analyzing move 20
    ... analyzing move 25
    ... analyzing move 30
    ... analyzing move 35
    ... analyzing move 40
    ... analyzing move 45
    ... analyzing move 50
    ... analyzing move 55
    ... analyzing move 60
Processing game 24 (Bacrot, Etienne vs Alekseev, Evgeny)...
    ... analyzing move 10
    ... analyzing move 15
    ... analyzing move 20
    ... analyzing move 25
    ... analyzing move 30
    ... analyzing move 35
    ... analyzing move 40
    ... analyzing move 45
    ... analyzing move 50
    ... analyzing move 55
    ... analyzing move 60
    ... analyzing move 65
    ... analyzing move 70
    ... analyzing move 75
    ... analyzing move 80
Processing game 25 (Bacrot, Etienne vs Kamsky, Gata)...
    ... analyzing move 10
    ... analyzing move 15
    ... analyzing move 20
    ... analyzing move 25
    ... analyzing move 30
    ... analyzing move 35
    ... analyzing move 40
    ... analyzing move 45
    ... analyzing move 50
    ... analyzing move 55
    ... analyzing move 60
    ... analyzing move 65
    ... analyzing move 70
    ... analyzing move 75
Processing game 26 (Ponomariov, Ruslan vs Polgar, Judit)...
    ... analyzing move 10
    ... analyzing move 15
    ... analyzing move 20
    ... analyzing move 25
    ... analyzing move 30
    ... analyzing move 35
    ... analyzing move 40
    ... analyzing move 45
    ... analyzing move 50
    ... analyzing move 55
    ... analyzing move 60
    ... analyzing move 65
    ... analyzing move 70
Processing game 27 (Wang, Hao vs Jakovenko, Dmitry)...
    ... analyzing move 10
    ... analyzing move 15
    ... analyzing move 20
    ... analyzing move 25
    ... analyzing move 30
    ... analyzing move 35
    ... analyzing move 40
    ... analyzing move 45
    ... analyzing move 50
    ... analyzing move 55
    ... analyzing move 60
    ... analyzing move 65
    ... analyzing move 70
    ... analyzing move 75
    ... analyzing move 80
    ... analyzing move 85
    ... analyzing move 90
Processing game 28 (Sasikiran, Krishnan vs Nisipeanu, Liviu-Dieter)...
    ... analyzing move 10
    ... analyzing move 15
    ... analyzing move 20
    ... analyzing move 25
    ... analyzing move 30
    ... analyzing move 35
    ... analyzing move 40
    ... analyzing move 45
    ... analyzing move 50
    ... analyzing move 55
    ... analyzing move 60
    ... analyzing move 65
    ... analyzing move 70
    ... analyzing move 75
    ... analyzing move 80
    ... analyzing move 85
    ... analyzing move 90
    ... analyzing move 95
    ... analyzing move 100
    ... analyzing move 105
    ... analyzing move 110
    ... analyzing move 115
    ... analyzing move 120
    ... analyzing move 125
    ... analyzing move 130
Processing game 29 (Bu, Xiangzhi vs Wang, Hao)...
    ... analyzing move 10
    ... analyzing move 15
    ... analyzing move 20
    ... analyzing move 25
    ... analyzing move 30
    ... analyzing move 35
    ... analyzing move 40
    ... analyzing move 45
    ... analyzing move 50
    ... analyzing move 55
    ... analyzing move 60
    ... analyzing move 65
    ... analyzing move 70
    ... analyzing move 75
Processing game 30 (Akopian, Vladimir vs Bacrot, Etienne)...
    ... analyzing move 10
    ... analyzing move 15
    ... analyzing move 20
    ... analyzing move 25
    ... analyzing move 30
    ... analyzing move 35
    ... analyzing move 40
    ... analyzing move 45
    ... analyzing move 50
    ... analyzing move 55
    ... analyzing move 60
    ... analyzing move 65
    ... analyzing move 70
    ... analyzing move 75
    ... analyzing move 80
    ... analyzing move 85
Processing game 31 (Wang, Hao vs Jakovenko, Dmitry)...
    ... analyzing move 10
    ... analyzing move 15
    ... analyzing move 20
    ... analyzing move 25
    ... analyzing move 30
    ... analyzing move 35
    ... analyzing move 40
    ... analyzing move 45
    ... analyzing move 50
    ... analyzing move 55
    ... analyzing move 60
    ... analyzing move 65
    ... analyzing move 70
    ... analyzing move 75
    ... analyzing move 80
Processing game 32 (Bacrot, Etienne vs Ponomariov, Ruslan)...
    ... analyzing move 10
    ... analyzing move 15
    ... analyzing move 20
    ... analyzing move 25
    ... analyzing move 30
    ... analyzing move 35
    ... analyzing move 40
    ... analyzing move 45
    ... analyzing move 50
    ... analyzing move 55
    ... analyzing move 60
    ... analyzing move 65
    ... analyzing move 70
    ... analyzing move 75
Processing game 33 (Bacrot, Etienne vs Kasimdzhanov, Rustam)...
    ... analyzing move 10
    ... analyzing move 15
    ... analyzing move 20
    ... analyzing move 25
    ... analyzing move 30
    ... analyzing move 35
    ... analyzing move 40
    ... analyzing move 45
    ... analyzing move 50
    ... analyzing move 55
    ... analyzing move 60
    ... analyzing move 65
Processing game 34 (Kasimdzhanov, Rustam vs Ponomariov, Ruslan)...
    ... analyzing move 10
    ... analyzing move 15
    ... analyzing move 20
    ... analyzing move 25
    ... analyzing move 30
    ... analyzing move 35
    ... analyzing move 40
    ... analyzing move 45
    ... analyzing move 50
    ... analyzing move 55
    ... analyzing move 60
    ... analyzing move 65
    ... analyzing move 70
Processing game 35 (Ponomariov, Ruslan vs Kasimdzhanov, Rustam)...
    ... analyzing move 10
    ... analyzing move 15
    ... analyzing move 20
    ... analyzing move 25
    ... analyzing move 30
    ... analyzing move 35
    ... analyzing move 40
    ... analyzing move 45
    ... analyzing move 50
    ... analyzing move 55
    ... analyzing move 60
Processing game 36 (Bu, Xiangzhi vs Polgar, Judit)...
    ... analyzing move 10
    ... analyzing move 15
    ... analyzing move 20
    ... analyzing move 25
    ... analyzing move 30
    ... analyzing move 35
    ... analyzing move 40
    ... analyzing move 45
    ... analyzing move 50
    ... analyzing move 55
    ... analyzing move 60
    ... analyzing move 65
    ... analyzing move 70
    ... analyzing move 75
    ... analyzing move 80
    ... analyzing move 85
    ... analyzing move 90
    ... analyzing move 95
    ... analyzing move 100
    ... analyzing move 105
    ... analyzing move 110
    ... analyzing move 115
    ... analyzing move 120
    ... analyzing move 125
    ... analyzing move 130
Processing game 37 (Kamsky, Gata vs Sasikiran, Krishnan)...
    ... analyzing move 10
    ... analyzing move 15
    ... analyzing move 20
    ... analyzing move 25
    ... analyzing move 30
    ... analyzing move 35
    ... analyzing move 40
    ... analyzing move 45
    ... analyzing move 50
    ... analyzing move 55
    ... analyzing move 60
    ... analyzing move 65
    ... analyzing move 70
    ... analyzing move 75
    ... analyzing move 80
    ... analyzing move 85
    ... analyzing move 90
Processing game 38 (Ponomariov, Ruslan vs Kasimdzhanov, Rustam)...
    ... analyzing move 10
    ... analyzing move 15
    ... analyzing move 20
    ... analyzing move 25
    ... analyzing move 30
    ... analyzing move 35
    ... analyzing move 40
    ... analyzing move 45
    ... analyzing move 50
    ... analyzing move 55
    ... analyzing move 60
    ... analyzing move 65
    ... analyzing move 70
    ... analyzing move 75
    ... analyzing move 80
    ... analyzing move 85
    ... analyzing move 90
    ... analyzing move 95
    ... analyzing move 100
    ... analyzing move 105
    ... analyzing move 110
Processing game 39 (Malakhov, Vladimir vs Sasikiran, Krishnan)...
    ... analyzing move 10
    ... analyzing move 15
    ... analyzing move 20
    ... analyzing move 25
    ... analyzing move 30
    ... analyzing move 35
    ... analyzing move 40
    ... analyzing move 45
    ... analyzing move 50
    ... analyzing move 55
    ... analyzing move 60
    ... analyzing move 65
    ... analyzing move 70
    ... analyzing move 75
    ... analyzing move 80
    ... analyzing move 85
    ... analyzing move 90
    ... analyzing move 95
    ... analyzing move 100
    ... analyzing move 105
Processing game 40 (Malakhov, Vladimir vs Nisipeanu, Liviu-Dieter)...
    ... analyzing move 10
    ... analyzing move 15
    ... analyzing move 20
    ... analyzing move 25
    ... analyzing move 30
    ... analyzing move 35
    ... analyzing move 40
    ... analyzing move 45
    ... analyzing move 50
    ... analyzing move 55
    ... analyzing move 60
    ... analyzing move 65
    ... analyzing move 70
    ... analyzing move 75
    ... analyzing move 80
    ... analyzing move 85
Processing game 41 (Ni, Hua vs Bu, Xiangzhi)...
    ... analyzing move 10
    ... analyzing move 15
    ... analyzing move 20
    ... analyzing move 25
    ... analyzing move 30
    ... analyzing move 35
    ... analyzing move 40
    ... analyzing move 45
    ... analyzing move 50
    ... analyzing move 55
    ... analyzing move 60
    ... analyzing move 65
    ... analyzing move 70
    ... analyzing move 75
    ... analyzing move 80
    ... analyzing move 85
    ... analyzing move 90
    ... analyzing move 95
    ... analyzing move 100
    ... analyzing move 105
    ... analyzing move 110
    ... analyzing move 115
    ... analyzing move 120
    ... analyzing move 125
Processing game 42 (Rublevsky, Sergei vs Sasikiran, Krishnan)...
    ... analyzing move 10
    ... analyzing move 15
    ... analyzing move 20
    ... analyzing move 25
    ... analyzing move 30
    ... analyzing move 35
    ... analyzing move 40
    ... analyzing move 45
    ... analyzing move 50
Processing game 43 (Alekseev, Evgeny vs Dominguez Perez, Leinier)...
    ... analyzing move 10
    ... analyzing move 15
    ... analyzing move 20
    ... analyzing move 25
    ... analyzing move 30
    ... analyzing move 35
    ... analyzing move 40
    ... analyzing move 45
    ... analyzing move 50
    ... analyzing move 55
    ... analyzing move 60
    ... analyzing move 65
    ... analyzing move 70
    ... analyzing move 75
    ... analyzing move 80
    ... analyzing move 85
Processing game 44 (Alekseev, Evgeny vs Dominguez Perez, Leinier)...
    ... analyzing move 10
    ... analyzing move 15
    ... analyzing move 20
    ... analyzing move 25
    ... analyzing move 30
    ... analyzing move 35
    ... analyzing move 40
    ... analyzing move 45
    ... analyzing move 50
    ... analyzing move 55
    ... analyzing move 60
    ... analyzing move 65
    ... analyzing move 70
    ... analyzing move 75
    ... analyzing move 80
    ... analyzing move 85
    ... analyzing move 90
Processing game 45 (Karjakin, Sergey vs Polgar, Judit)...
    ... analyzing move 10
    ... analyzing move 15
    ... analyzing move 20
    ... analyzing move 25
    ... analyzing move 30
    ... analyzing move 35
    ... analyzing move 40
    ... analyzing move 45
    ... analyzing move 50
    ... analyzing move 55
    ... analyzing move 60
    ... analyzing move 65
    ... analyzing move 70
    ... analyzing move 75
    ... analyzing move 80
    ... analyzing move 85
Processing game 46 (Karjakin, Sergey vs Bacrot, Etienne)...
    ... analyzing move 10
    ... analyzing move 15
    ... analyzing move 20
    ... analyzing move 25
    ... analyzing move 30
    ... analyzing move 35
    ... analyzing move 40
    ... analyzing move 45
Processing game 47 (Jakovenko, Dmitry vs Rublevsky, Sergei)...
    ... analyzing move 10
    ... analyzing move 15
    ... analyzing move 20
    ... analyzing move 25
    ... analyzing move 30
    ... analyzing move 35
    ... analyzing move 40
    ... analyzing move 45
    ... analyzing move 50
    ... analyzing move 55
    ... analyzing move 60
    ... analyzing move 65
    ... analyzing move 70
    ... analyzing move 75
    ... analyzing move 80
    ... analyzing move 85
    ... analyzing move 90
    ... analyzing move 95
    ... analyzing move 100
    ... analyzing move 105
    ... analyzing move 110
    ... analyzing move 115
    ... analyzing move 120
    ... analyzing move 125
    ... analyzing move 130
Processing game 48 (Kamsky, Gata vs Nisipeanu, Liviu-Dieter)...
    ... analyzing move 10
    ... analyzing move 15
    ... analyzing move 20
    ... analyzing move 25
    ... analyzing move 30
    ... analyzing move 35
    ... analyzing move 40
    ... analyzing move 45
    ... analyzing move 50
    ... analyzing move 55
    ... analyzing move 60
    ... analyzing move 65
    ... analyzing move 70
    ... analyzing move 75
    ... analyzing move 80
    ... analyzing move 85
    ... analyzing move 90
Processing game 49 (Kamsky, Gata vs Nisipeanu, Liviu-Dieter)...
    ... analyzing move 10
    ... analyzing move 15
    ... analyzing move 20
    ... analyzing move 25
    ... analyzing move 30
    ... analyzing move 35
    ... analyzing move 40
    ... analyzing move 45
    ... analyzing move 50
    ... analyzing move 55
    ... analyzing move 60
    ... analyzing move 65
    ... analyzing move 70
    ... analyzing move 75
    ... analyzing move 80
    ... analyzing move 85
    ... analyzing move 90
Processing game 50 (Naiditsch, Arkadij vs Malakhov, Vladimir)...
    ... analyzing move 10
    ... analyzing move 15
    ... analyzing move 20
    ... analyzing move 25
    ... analyzing move 30
    ... analyzing move 35
    ... analyzing move 40
    ... analyzing move 45
    ... analyzing move 50
    ... analyzing move 55
    ... analyzing move 60
    ... analyzing move 65
    ... analyzing move 70
    ... analyzing move 75
    ... analyzing move 80
    ... analyzing move 85
    ... analyzing move 90
    ... analyzing move 95
    ... analyzing move 100
    ... analyzing move 105
Processing game 51 (Naiditsch, Arkadij vs Malakhov, Vladimir)...
    ... analyzing move 10
    ... analyzing move 15
    ... analyzing move 20
    ... analyzing move 25
    ... analyzing move 30
    ... analyzing move 35
    ... analyzing move 40
    ... analyzing move 45
    ... analyzing move 50
    ... analyzing move 55
    ... analyzing move 60
    ... analyzing move 65
    ... analyzing move 70
    ... analyzing move 75
    ... analyzing move 80
    ... analyzing move 85
    ... analyzing move 90
    ... analyzing move 95
    ... analyzing move 100
    ... analyzing move 105
Processing game 52 (Polgar, Judit vs Bu, Xiangzhi)...
    ... analyzing move 10
    ... analyzing move 15
    ... analyzing move 20
    ... analyzing move 25
    ... analyzing move 30
    ... analyzing move 35
    ... analyzing move 40
    ... analyzing move 45
    ... analyzing move 50
    ... analyzing move 55
    ... analyzing move 60
    ... analyzing move 65
    ... analyzing move 70
    ... analyzing move 75
Processing game 53 (Naiditsch, Arkadij vs Ni, Hua)...
    ... analyzing move 10
    ... analyzing move 15
    ... analyzing move 20
    ... analyzing move 25
    ... analyzing move 30
    ... analyzing move 35
    ... analyzing move 40
    ... analyzing move 45
    ... analyzing move 50
    ... analyzing move 55
    ... analyzing move 60
    ... analyzing move 65
    ... analyzing move 70
    ... analyzing move 75
    ... analyzing move 80
Processing game 54 (Bu, Xiangzhi vs Malakhov, Vladimir)...
    ... analyzing move 10
    ... analyzing move 15
    ... analyzing move 20
    ... analyzing move 25
    ... analyzing move 30
    ... analyzing move 35
    ... analyzing move 40
    ... analyzing move 45
    ... analyzing move 50
    ... analyzing move 55
    ... analyzing move 60
Processing game 55 (Ni, Hua vs Malakhov, Vladimir)...
    ... analyzing move 10
    ... analyzing move 15
    ... analyzing move 20
    ... analyzing move 25
    ... analyzing move 30
    ... analyzing move 35
    ... analyzing move 40
    ... analyzing move 45
    ... analyzing move 50
    ... analyzing move 55
    ... analyzing move 60
    ... analyzing move 65
    ... analyzing move 70
    ... analyzing move 75
    ... analyzing move 80
    ... analyzing move 85
Processing game 56 (Bu, Xiangzhi vs Malakhov, Vladimir)...
    ... analyzing move 10
    ... analyzing move 15
    ... analyzing move 20
    ... analyzing move 25
    ... analyzing move 30
    ... analyzing move 35
    ... analyzing move 40
    ... analyzing move 45
    ... analyzing move 50
    ... analyzing move 55
    ... analyzing move 60
    ... analyzing move 65
    ... analyzing move 70
    ... analyzing move 75
    ... analyzing move 80
    ... analyzing move 85
    ... analyzing move 90
    ... analyzing move 95
    ... analyzing move 100
    ... analyzing move 105
    ... analyzing move 110
Processing game 57 (Ni, Hua vs Malakhov, Vladimir)...
    ... analyzing move 10
    ... analyzing move 15
    ... analyzing move 20
    ... analyzing move 25
    ... analyzing move 30
    ... analyzing move 35
    ... analyzing move 40
    ... analyzing move 45
    ... analyzing move 50
    ... analyzing move 55
    ... analyzing move 60
    ... analyzing move 65
    ... analyzing move 70
    ... analyzing move 75
    ... analyzing move 80
    ... analyzing move 85
    ... analyzing move 90
    ... analyzing move 95
    ... analyzing move 100
    ... analyzing move 105
Processing game 58 (Bu, Xiangzhi vs Malakhov, Vladimir)...
    ... analyzing move 10
    ... analyzing move 15
    ... analyzing move 20
    ... analyzing move 25
    ... analyzing move 30
    ... analyzing move 35
    ... analyzing move 40
    ... analyzing move 45
    ... analyzing move 50
    ... analyzing move 55
    ... analyzing move 60
    ... analyzing move 65
    ... analyzing move 70
    ... analyzing move 75
    ... analyzing move 80
    ... analyzing move 85
    ... analyzing move 90
Processing game 59 (Naiditsch, Arkadij vs Malakhov, Vladimir)...
    ... analyzing move 10
    ... analyzing move 15
    ... analyzing move 20
    ... analyzing move 25
    ... analyzing move 30
    ... analyzing move 35
    ... analyzing move 40
    ... analyzing move 45
    ... analyzing move 50
    ... analyzing move 55
    ... analyzing move 60
    ... analyzing move 65
    ... analyzing move 70
    ... analyzing move 75
    ... analyzing move 80
    ... analyzing move 85
    ... analyzing move 90
    ... analyzing move 95
    ... analyzing move 100
    ... analyzing move 105
Processing game 60 (Polgar, Judit vs Karjakin, Sergey)...
    ... analyzing move 10
    ... analyzing move 15
    ... analyzing move 20
    ... analyzing move 25
    ... analyzing move 30
    ... analyzing move 35
    ... analyzing move 40
    ... analyzing move 45
    ... analyzing move 50
    ... analyzing move 55
    ... analyzing move 60
    ... analyzing move 65
    ... analyzing move 70
    ... analyzing move 75
    ... analyzing move 80
    ... analyzing move 85
    ... analyzing move 90
Processing game 61 (Nisipeanu, Liviu-Dieter vs Sasikiran, Krishnan)...
    ... analyzing move 10
    ... analyzing move 15
    ... analyzing move 20
    ... analyzing move 25
    ... analyzing move 30
    ... analyzing move 35
    ... analyzing move 40
    ... analyzing move 45
    ... analyzing move 50
    ... analyzing move 55
    ... analyzing move 60
Processing game 62 (Jakovenko, Dmitry vs Sasikiran, Krishnan)...
    ... analyzing move 10
    ... analyzing move 15
    ... analyzing move 20
    ... analyzing move 25
    ... analyzing move 30
    ... analyzing move 35
    ... analyzing move 40
    ... analyzing move 45
    ... analyzing move 50
    ... analyzing move 55
    ... analyzing move 60
    ... analyzing move 65
    ... analyzing move 70
    ... analyzing move 75
    ... analyzing move 80
    ... analyzing move 85
    ... analyzing move 90
    ... analyzing move 95
    ... analyzing move 100
    ... analyzing move 105
    ... analyzing move 110
    ... analyzing move 115
    ... analyzing move 120
    ... analyzing move 125
    ... analyzing move 130
    ... analyzing move 135
Processing game 63 (Polgar, Judit vs Ponomariov, Ruslan)...
    ... analyzing move 10
    ... analyzing move 15
    ... analyzing move 20
    ... analyzing move 25
    ... analyzing move 30
    ... analyzing move 35
    ... analyzing move 40
    ... analyzing move 45
    ... analyzing move 50
    ... analyzing move 55
    ... analyzing move 60
    ... analyzing move 65
    ... analyzing move 70
    ... analyzing move 75
    ... analyzing move 80
    ... analyzing move 85
Processing game 64 (Polgar, Judit vs Kasimdzhanov, Rustam)...
    ... analyzing move 10
    ... analyzing move 15
    ... analyzing move 20
    ... analyzing move 25
    ... analyzing move 30
    ... analyzing move 35
    ... analyzing move 40
    ... analyzing move 45
    ... analyzing move 50
    ... analyzing move 55
    ... analyzing move 60
    ... analyzing move 65
    ... analyzing move 70
    ... analyzing move 75
    ... analyzing move 80
    ... analyzing move 85
    ... analyzing move 90
    ... analyzing move 95
    ... analyzing move 100
    ... analyzing move 105
    ... analyzing move 110
    ... analyzing move 115
    ... analyzing move 120
    ... analyzing move 125
    ... analyzing move 130
    ... analyzing move 135
Processing game 65 (Jakovenko, Dmitry vs Akopian, Vladimir)...
    ... analyzing move 10
    ... analyzing move 15
    ... analyzing move 20
    ... analyzing move 25
    ... analyzing move 30
    ... analyzing move 35
    ... analyzing move 40
    ... analyzing move 45
    ... analyzing move 50
    ... analyzing move 55
    ... analyzing move 60
    ... analyzing move 65
    ... analyzing move 70
    ... analyzing move 75
    ... analyzing move 80
    ... analyzing move 85
Processing game 66 (Kasimdzhanov, Rustam vs Polgar, Judit)...
    ... analyzing move 10
    ... analyzing move 15
    ... analyzing move 20
    ... analyzing move 25
    ... analyzing move 30
    ... analyzing move 35
    ... analyzing move 40
    ... analyzing move 45
    ... analyzing move 50
    ... analyzing move 55
    ... analyzing move 60
    ... analyzing move 65
    ... analyzing move 70
Processing game 67 (Alekseev, Evgeny vs Wang, Hao)...
    ... analyzing move 10
    ... analyzing move 15
    ... analyzing move 20
    ... analyzing move 25
    ... analyzing move 30
    ... analyzing move 35
    ... analyzing move 40
    ... analyzing move 45
    ... analyzing move 50
Processing game 68 (Ponomariov, Ruslan vs Akopian, Vladimir)...
    ... analyzing move 10
    ... analyzing move 15
    ... analyzing move 20
    ... analyzing move 25
    ... analyzing move 30
    ... analyzing move 35
    ... analyzing move 40
    ... analyzing move 45
    ... analyzing move 50
Processing game 69 (Karjakin, Sergey vs Bacrot, Etienne)...
    ... analyzing move 10
    ... analyzing move 15
    ... analyzing move 20
    ... analyzing move 25
    ... analyzing move 30
    ... analyzing move 35
    ... analyzing move 40
    ... analyzing move 45
    ... analyzing move 50
Processing game 70 (Dominguez Perez, Leinier vs Bacrot, Etienne)...
    ... analyzing move 10
    ... analyzing move 15
    ... analyzing move 20
    ... analyzing move 25
    ... analyzing move 30
    ... analyzing move 35
    ... analyzing move 40
    ... analyzing move 45
    ... analyzing move 50
    ... analyzing move 55
    ... analyzing move 60
    ... analyzing move 65
    ... analyzing move 70
    ... analyzing move 75
    ... analyzing move 80
    ... analyzing move 85
    ... analyzing move 90
    ... analyzing move 95
Processing game 71 (Kamsky, Gata vs Bacrot, Etienne)...
    ... analyzing move 10
    ... analyzing move 15
    ... analyzing move 20
    ... analyzing move 25
    ... analyzing move 30
    ... analyzing move 35
    ... analyzing move 40
    ... analyzing move 45
    ... analyzing move 50
    ... analyzing move 55
    ... analyzing move 60
    ... analyzing move 65
    ... analyzing move 70
Processing game 72 (Dominguez Perez, Leinier vs Alekseev, Evgeny)...
    ... analyzing move 10
    ... analyzing move 15
    ... analyzing move 20
    ... analyzing move 25
    ... analyzing move 30
    ... analyzing move 35
    ... analyzing move 40
    ... analyzing move 45
    ... analyzing move 50
    ... analyzing move 55
    ... analyzing move 60
    ... analyzing move 65
    ... analyzing move 70
Processing game 73 (Polgar, Judit vs Eljanov, Pavel)...
    ... analyzing move 10
    ... analyzing move 15
    ... analyzing move 20
    ... analyzing move 25
    ... analyzing move 30
    ... analyzing move 35
    ... analyzing move 40
    ... analyzing move 45
    ... analyzing move 50
    ... analyzing move 55
    ... analyzing move 60
    ... analyzing move 65
    ... analyzing move 70
    ... analyzing move 75
    ... analyzing move 80
    ... analyzing move 85
Processing game 74 (Dominguez Perez, Leinier vs Alekseev, Evgeny)...
    ... analyzing move 10
    ... analyzing move 15
    ... analyzing move 20
    ... analyzing move 25
    ... analyzing move 30
    ... analyzing move 35
    ... analyzing move 40
    ... analyzing move 45
    ... analyzing move 50
    ... analyzing move 55
    ... analyzing move 60
    ... analyzing move 65
    ... analyzing move 70
    ... analyzing move 75
    ... analyzing move 80
    ... analyzing move 85
Processing game 75 (Polgar, Judit vs Bacrot, Etienne)...
    ... analyzing move 10
    ... analyzing move 15
    ... analyzing move 20
    ... analyzing move 25
    ... analyzing move 30
    ... analyzing move 35
    ... analyzing move 40
    ... analyzing move 45
    ... analyzing move 50
    ... analyzing move 55
    ... analyzing move 60
    ... analyzing move 65
    ... analyzing move 70
    ... analyzing move 75
    ... analyzing move 80
    ... analyzing move 85
    ... analyzing move 90
    ... analyzing move 95
    ... analyzing move 100
    ... analyzing move 105
    ... analyzing move 110
    ... analyzing move 115
Processing game 76 (Dominguez Perez, Leinier vs Alekseev, Evgeny)...
    ... analyzing move 10
    ... analyzing move 15
    ... analyzing move 20
    ... analyzing move 25
    ... analyzing move 30
    ... analyzing move 35
    ... analyzing move 40
    ... analyzing move 45
    ... analyzing move 50
    ... analyzing move 55
    ... analyzing move 60
    ... analyzing move 65
    ... analyzing move 70
    ... analyzing move 75
    ... analyzing move 80
    ... analyzing move 85
    ... analyzing move 90
    ... analyzing move 95
    ... analyzing move 100
    ... analyzing move 105
    ... analyzing move 110
    ... analyzing move 115
    ... analyzing move 120
    ... analyzing move 125
Processing game 77 (Nisipeanu, Liviu-Dieter vs Sasikiran, Krishnan)...
    ... analyzing move 10
    ... analyzing move 15
    ... analyzing move 20
    ... analyzing move 25
    ... analyzing move 30
    ... analyzing move 35
    ... analyzing move 40
    ... analyzing move 45
    ... analyzing move 50
    ... analyzing move 55
    ... analyzing move 60
    ... analyzing move 65
    ... analyzing move 70
    ... analyzing move 75
    ... analyzing move 80
    ... analyzing move 85
    ... analyzing move 90
    ... analyzing move 95
    ... analyzing move 100
Processing game 78 (Ni, Hua vs Wang, Hao)...
    ... analyzing move 10
    ... analyzing move 15
    ... analyzing move 20
    ... analyzing move 25
    ... analyzing move 30
    ... analyzing move 35
    ... analyzing move 40
    ... analyzing move 45
    ... analyzing move 50
    ... analyzing move 55
    ... analyzing move 60
    ... analyzing move 65
    ... analyzing move 70
    ... analyzing move 75
    ... analyzing move 80
    ... analyzing move 85
    ... analyzing move 90
    ... analyzing move 95
    ... analyzing move 100
Processing game 79 (Rublevsky, Sergei vs Naiditsch, Arkadij)...
    ... analyzing move 10
    ... analyzing move 15
    ... analyzing move 20
    ... analyzing move 25
    ... analyzing move 30
    ... analyzing move 35
    ... analyzing move 40
    ... analyzing move 45
    ... analyzing move 50
    ... analyzing move 55
    ... analyzing move 60
    ... analyzing move 65
    ... analyzing move 70
    ... analyzing move 75
    ... analyzing move 80
    ... analyzing move 85
    ... analyzing move 90
    ... analyzing move 95
    ... analyzing move 100
    ... analyzing move 105
Processing game 80 (Karjakin, Sergey vs Bu, Xiangzhi)...
    ... analyzing move 10
    ... analyzing move 15
    ... analyzing move 20
    ... analyzing move 25
    ... analyzing move 30
    ... analyzing move 35
    ... analyzing move 40
    ... analyzing move 45
    ... analyzing move 50
    ... analyzing move 55
Processing game 81 (Jakovenko, Dmitry vs Bu, Xiangzhi)...
    ... analyzing move 10
    ... analyzing move 15
    ... analyzing move 20
    ... analyzing move 25
    ... analyzing move 30
    ... analyzing move 35
    ... analyzing move 40
    ... analyzing move 45
    ... analyzing move 50
    ... analyzing move 55
    ... analyzing move 60
    ... analyzing move 65
    ... analyzing move 70
    ... analyzing move 75
    ... analyzing move 80
    ... analyzing move 85
    ... analyzing move 90
    ... analyzing move 95
    ... analyzing move 100
    ... analyzing move 105
Processing game 82 (Akopian, Vladimir vs Kasimdzhanov, Rustam)...
    ... analyzing move 10
    ... analyzing move 15
    ... analyzing move 20
    ... analyzing move 25
    ... analyzing move 30
    ... analyzing move 35
    ... analyzing move 40
    ... analyzing move 45
    ... analyzing move 50
    ... analyzing move 55
    ... analyzing move 60
    ... analyzing move 65
    ... analyzing move 70
    ... analyzing move 75
    ... analyzing move 80
Processing game 83 (Kasimdzhanov, Rustam vs Ponomariov, Ruslan)...
    ... analyzing move 10
    ... analyzing move 15
    ... analyzing move 20
    ... analyzing move 25
    ... analyzing move 30
    ... analyzing move 35
    ... analyzing move 40
Processing game 84 (Alekseev, Evgeny vs Ni, Hua)...
    ... analyzing move 10
    ... analyzing move 15
    ... analyzing move 20
    ... analyzing move 25
    ... analyzing move 30
    ... analyzing move 35
    ... analyzing move 40
    ... analyzing move 45
    ... analyzing move 50
Processing game 85 (Sasikiran, Krishnan vs Nisipeanu, Liviu-Dieter)...
    ... analyzing move 10
    ... analyzing move 15
    ... analyzing move 20
    ... analyzing move 25
    ... analyzing move 30
    ... analyzing move 35
    ... analyzing move 40
    ... analyzing move 45
    ... analyzing move 50
    ... analyzing move 55
    ... analyzing move 60
    ... analyzing move 65
    ... analyzing move 70
    ... analyzing move 75
    ... analyzing move 80
Processing game 86 (Nisipeanu, Liviu-Dieter vs Sasikiran, Krishnan)...
    ... analyzing move 10
    ... analyzing move 15
    ... analyzing move 20
    ... analyzing move 25
    ... analyzing move 30
    ... analyzing move 35
    ... analyzing move 40
    ... analyzing move 45
    ... analyzing move 50
Processing game 87 (Malakhov, Vladimir vs Ni, Hua)...
    ... analyzing move 10
    ... analyzing move 15
    ... analyzing move 20
    ... analyzing move 25
    ... analyzing move 30
    ... analyzing move 35
    ... analyzing move 40
    ... analyzing move 45
    ... analyzing move 50
    ... analyzing move 55
    ... analyzing move 60
    ... analyzing move 65
    ... analyzing move 70
    ... analyzing move 75
    ... analyzing move 80
    ... analyzing move 85
    ... analyzing move 90
    ... analyzing move 95
    ... analyzing move 100
    ... analyzing move 105
    ... analyzing move 110
    ... analyzing move 115
    ... analyzing move 120
    ... analyzing move 125
    ... analyzing move 130
    ... analyzing move 135
    ... analyzing move 140
    ... analyzing move 145
    ... analyzing move 150
    ... analyzing move 155
    ... analyzing move 160
    ... analyzing move 165
    ... analyzing move 170
    ... analyzing move 175
    ... analyzing move 180
    ... analyzing move 185
    ... analyzing move 190
    ... analyzing move 195
    ... analyzing move 200
    ... analyzing move 205
    ... analyzing move 210
    ... analyzing move 215
    ... analyzing move 220
Processing game 88 (Malakhov, Vladimir vs Ni, Hua)...
    ... analyzing move 10
    ... analyzing move 15
    ... analyzing move 20
    ... analyzing move 25
    ... analyzing move 30
    ... analyzing move 35
    ... analyzing move 40
    ... analyzing move 45
    ... analyzing move 50
    ... analyzing move 55
    ... analyzing move 60
    ... analyzing move 65
    ... analyzing move 70
    ... analyzing move 75
    ... analyzing move 80
    ... analyzing move 85
    ... analyzing move 90
    ... analyzing move 95
    ... analyzing move 100
    ... analyzing move 105
    ... analyzing move 110
    ... analyzing move 115
    ... analyzing move 120
    ... analyzing move 125
Processing game 89 (Malakhov, Vladimir vs Ni, Hua)...
    ... analyzing move 10
    ... analyzing move 15
    ... analyzing move 20
    ... analyzing move 25
    ... analyzing move 30
    ... analyzing move 35
    ... analyzing move 40
    ... analyzing move 45
    ... analyzing move 50
    ... analyzing move 55
    ... analyzing move 60
    ... analyzing move 65
    ... analyzing move 70
Processing game 90 (Bu, Xiangzhi vs Alekseev, Evgeny)...
    ... analyzing move 10
    ... analyzing move 15
    ... analyzing move 20
    ... analyzing move 25
    ... analyzing move 30
    ... analyzing move 35
    ... analyzing move 40
    ... analyzing move 45
    ... analyzing move 50
    ... analyzing move 55
    ... analyzing move 60
    ... analyzing move 65
    ... analyzing move 70
    ... analyzing move 75
    ... analyzing move 80
    ... analyzing move 85
    ... analyzing move 90
    ... analyzing move 95
    ... analyzing move 100
    ... analyzing move 105
    ... analyzing move 110
    ... analyzing move 115
    ... analyzing move 120
Processing game 91 (Wang, Hao vs Eljanov, Pavel)...
    ... analyzing move 10
    ... analyzing move 15
    ... analyzing move 20
    ... analyzing move 25
    ... analyzing move 30
    ... analyzing move 35
    ... analyzing move 40
    ... analyzing move 45
    ... analyzing move 50
    ... analyzing move 55
    ... analyzing move 60
    ... analyzing move 65
    ... analyzing move 70
    ... analyzing move 75
    ... analyzing move 80
    ... analyzing move 85
    ... analyzing move 90
    ... analyzing move 95
Processing game 92 (Malakhov, Vladimir vs Naiditsch, Arkadij)...
    ... analyzing move 10
    ... analyzing move 15
    ... analyzing move 20
    ... analyzing move 25
    ... analyzing move 30
    ... analyzing move 35
    ... analyzing move 40
    ... analyzing move 45
    ... analyzing move 50
    ... analyzing move 55
    ... analyzing move 60
    ... analyzing move 65
    ... analyzing move 70
Processing game 93 (Malakhov, Vladimir vs Bu, Xiangzhi)...
    ... analyzing move 10
    ... analyzing move 15
    ... analyzing move 20
    ... analyzing move 25
    ... analyzing move 30
    ... analyzing move 35
    ... analyzing move 40
    ... analyzing move 45
    ... analyzing move 50
    ... analyzing move 55
    ... analyzing move 60
    ... analyzing move 65
    ... analyzing move 70
    ... analyzing move 75
    ... analyzing move 80
    ... analyzing move 85
    ... analyzing move 90
    ... analyzing move 95
    ... analyzing move 100
    ... analyzing move 105
    ... analyzing move 110
    ... analyzing move 115
Processing game 94 (Malakhov, Vladimir vs Bu, Xiangzhi)...
    ... analyzing move 10
    ... analyzing move 15
    ... analyzing move 20
    ... analyzing move 25
    ... analyzing move 30
    ... analyzing move 35
    ... analyzing move 40
    ... analyzing move 45
    ... analyzing move 50
    ... analyzing move 55
    ... analyzing move 60
    ... analyzing move 65
    ... analyzing move 70
    ... analyzing move 75
    ... analyzing move 80
Created 6837 training positions from 94 games.
Saving training data cache to data/LumbrasGigabase_OTB_ELO~2700_HalfMoves40-Date2006.01.01-2009.12.31_MinGames=5.training_cache.pkl...
Starting coarse grid search...
Coarse search best guess: s=0.100, c=1.00, score=0.005853
Starting local refinement with Nelder-Mead...
Optimization terminated successfully.
         Current function value: 0.000246
         Iterations: 41
         Function evaluations: 79
Refinement complete. Final best: s=0.0623, c=0.685, score=0.000246
Summary saved to data/Codebase_MinGames=~Stage1_V2-multipv_20.csv
Starting engine stockfish...
Processing all valid games from PGN file (no ELO filter applied).
Processing game 1 (Carlstedt, Jonathan vs Kahn, Evarth Dr.)...
    ... analyzing move 10
    ... analyzing move 15
    ... analyzing move 20
    ... analyzing move 25
    ... analyzing move 30
    ... analyzing move 35
    ... analyzing move 40
    ... analyzing move 45
    ... analyzing move 50
    ... analyzing move 55
    ... analyzing move 60
    ... analyzing move 65
    ... analyzing move 70
Processing game 2 (Carlstedt, Jonathan vs Kislik, Erik)...
    ... analyzing move 10
    ... analyzing move 15
    ... analyzing move 20
    ... analyzing move 25
    ... analyzing move 30
    ... analyzing move 35
    ... analyzing move 40
    ... analyzing move 45
    ... analyzing move 50
    ... analyzing move 55
    ... analyzing move 60
    ... analyzing move 65
    ... analyzing move 70
    ... analyzing move 75
    ... analyzing move 80
    ... analyzing move 85
Processing game 3 (Wolochowicz, Piotr vs Manole, Gheorghe)...
    ... analyzing move 10
    ... analyzing move 15
    ... analyzing move 20
    ... analyzing move 25
    ... analyzing move 30
    ... analyzing move 35
Processing game 4 (Deleyn, Gunter vs Gupta, Milon)...
    ... analyzing move 10
    ... analyzing move 15
    ... analyzing move 20
    ... analyzing move 25
    ... analyzing move 30
    ... analyzing move 35
    ... analyzing move 40
    ... analyzing move 45
    ... analyzing move 50
    ... analyzing move 55
    ... analyzing move 60
    ... analyzing move 65
    ... analyzing move 70
    ... analyzing move 75
    ... analyzing move 80
    ... analyzing move 85
    ... analyzing move 90
Processing game 5 (Sanchez Alvarez, Roberto Carlos vs Quesada Vera, Liordis)...
    ... analyzing move 10
    ... analyzing move 15
    ... analyzing move 20
    ... analyzing move 25
    ... analyzing move 30
    ... analyzing move 35
    ... analyzing move 40
    ... analyzing move 45
    ... analyzing move 50
    ... analyzing move 55
    ... analyzing move 60
    ... analyzing move 65
    ... analyzing move 70
    ... analyzing move 75
Processing game 6 (Nocci, Roberto vs Wolochowicz, Piotr)...
    ... analyzing move 10
    ... analyzing move 15
    ... analyzing move 20
    ... analyzing move 25
    ... analyzing move 30
    ... analyzing move 35
    ... analyzing move 40
    ... analyzing move 45
    ... analyzing move 50
    ... analyzing move 55
Processing game 7 (Meessen, Rudolf vs Braun, Christi2)...
    ... analyzing move 10
    ... analyzing move 15
    ... analyzing move 20
    ... analyzing move 25
    ... analyzing move 30
    ... analyzing move 35
    ... analyzing move 40
    ... analyzing move 45
    ... analyzing move 50
    ... analyzing move 55
Processing game 8 (Malinichev, Konstantin vs Zargarian, Ruben)...
    ... analyzing move 10
    ... analyzing move 15
    ... analyzing move 20
    ... analyzing move 25
    ... analyzing move 30
    ... analyzing move 35
    ... analyzing move 40
    ... analyzing move 45
    ... analyzing move 50
    ... analyzing move 55
    ... analyzing move 60
    ... analyzing move 65
    ... analyzing move 70
    ... analyzing move 75
Processing game 9 (Gupta, Milon vs Pieper-Emden, Carsten)...
    ... analyzing move 10
    ... analyzing move 15
    ... analyzing move 20
    ... analyzing move 25
    ... analyzing move 30
    ... analyzing move 35
    ... analyzing move 40
    ... analyzing move 45
    ... analyzing move 50
    ... analyzing move 55
    ... analyzing move 60
    ... analyzing move 65
    ... analyzing move 70
Processing game 10 (Meessen, Rudolf vs Philipowski, Robert)...
    ... analyzing move 10
    ... analyzing move 15
    ... analyzing move 20
    ... analyzing move 25
    ... analyzing move 30
    ... analyzing move 35
    ... analyzing move 40
    ... analyzing move 45
    ... analyzing move 50
    ... analyzing move 55
    ... analyzing move 60
    ... analyzing move 65
    ... analyzing move 70
    ... analyzing move 75
    ... analyzing move 80
    ... analyzing move 85
    ... analyzing move 90
    ... analyzing move 95
Processing game 11 (Secchi, Dino vs Gonzlez Alcn, Esteban)...
    ... analyzing move 10
    ... analyzing move 15
    ... analyzing move 20
    ... analyzing move 25
    ... analyzing move 30
    ... analyzing move 35
    ... analyzing move 40
Processing game 12 (Secchi, Dino vs Szczepaniak, Alicja)...
    ... analyzing move 10
    ... analyzing move 15
    ... analyzing move 20
    ... analyzing move 25
    ... analyzing move 30
    ... analyzing move 35
    ... analyzing move 40
    ... analyzing move 45
Processing game 13 (Szczepaniak, Alicja vs Gonzlez Alcn, Esteban)...
    ... analyzing move 10
    ... analyzing move 15
    ... analyzing move 20
    ... analyzing move 25
    ... analyzing move 30
    ... analyzing move 35
    ... analyzing move 40
    ... analyzing move 45
    ... analyzing move 50
    ... analyzing move 55
    ... analyzing move 60
    ... analyzing move 65
    ... analyzing move 70
    ... analyzing move 75
    ... analyzing move 80
    ... analyzing move 85
Processing game 14 (Nocci, Roberto vs Manole, Gheorghe)...
    ... analyzing move 10
    ... analyzing move 15
    ... analyzing move 20
    ... analyzing move 25
    ... analyzing move 30
    ... analyzing move 35
    ... analyzing move 40
    ... analyzing move 45
    ... analyzing move 50
    ... analyzing move 55
    ... analyzing move 60
    ... analyzing move 65
    ... analyzing move 70
    ... analyzing move 75
    ... analyzing move 80
    ... analyzing move 85
    ... analyzing move 90
    ... analyzing move 95
    ... analyzing move 100
Processing game 15 (Zorin,An RUS vs Boiko, V.)...
    ... analyzing move 10
    ... analyzing move 15
    ... analyzing move 20
    ... analyzing move 25
    ... analyzing move 30
    ... analyzing move 35
    ... analyzing move 40
    ... analyzing move 45
    ... analyzing move 50
    ... analyzing move 55
    ... analyzing move 60
Processing game 16 (Martys, Mark vs Mller-Alves, Martin)...
    ... analyzing move 10
    ... analyzing move 15
    ... analyzing move 20
    ... analyzing move 25
    ... analyzing move 30
    ... analyzing move 35
    ... analyzing move 40
    ... analyzing move 45
    ... analyzing move 50
    ... analyzing move 55
    ... analyzing move 60
    ... analyzing move 65
    ... analyzing move 70
Processing game 17 (Kahn, Evarth Dr. vs Carlstedt, Jonathan)...
    ... analyzing move 10
    ... analyzing move 15
    ... analyzing move 20
    ... analyzing move 25
    ... analyzing move 30
    ... analyzing move 35
    ... analyzing move 40
    ... analyzing move 45
    ... analyzing move 50
    ... analyzing move 55
    ... analyzing move 60
Processing game 18 (Kislik, Erik vs Carlstedt, Jonathan)...
    ... analyzing move 10
    ... analyzing move 15
    ... analyzing move 20
    ... analyzing move 25
    ... analyzing move 30
    ... analyzing move 35
    ... analyzing move 40
    ... analyzing move 45
    ... analyzing move 50
    ... analyzing move 55
    ... analyzing move 60
    ... analyzing move 65
    ... analyzing move 70
    ... analyzing move 75
    ... analyzing move 80
    ... analyzing move 85
    ... analyzing move 90
    ... analyzing move 95
    ... analyzing move 100
Processing game 19 (Hudec, Dr. Jn vs Majstr, Jir (*1955))...
    ... analyzing move 10
    ... analyzing move 15
    ... analyzing move 20
    ... analyzing move 25
    ... analyzing move 30
    ... analyzing move 35
    ... analyzing move 40
Processing game 20 (Secchi, Dino vs Hietanen, Pauli)...
    ... analyzing move 10
    ... analyzing move 15
    ... analyzing move 20
    ... analyzing move 25
    ... analyzing move 30
    ... analyzing move 35
    ... analyzing move 40
    ... analyzing move 45
    ... analyzing move 50
    ... analyzing move 55
    ... analyzing move 60
    ... analyzing move 65
    ... analyzing move 70
    ... analyzing move 75
    ... analyzing move 80
    ... analyzing move 85
    ... analyzing move 90
Processing game 21 (Boiko, V. vs Malinichev, Konstantin)...
    ... analyzing move 10
    ... analyzing move 15
    ... analyzing move 20
    ... analyzing move 25
    ... analyzing move 30
    ... analyzing move 35
    ... analyzing move 40
    ... analyzing move 45
    ... analyzing move 50
    ... analyzing move 55
Processing game 22 (Kahn, Evarth Dr. vs Kislik, Erik)...
    ... analyzing move 10
    ... analyzing move 15
    ... analyzing move 20
    ... analyzing move 25
    ... analyzing move 30
    ... analyzing move 35
    ... analyzing move 40
    ... analyzing move 45
    ... analyzing move 50
    ... analyzing move 55
    ... analyzing move 60
    ... analyzing move 65
    ... analyzing move 70
    ... analyzing move 75
    ... analyzing move 80
    ... analyzing move 85
    ... analyzing move 90
Processing game 23 (Hudec, Dr. Jn vs Wrschner, Miroslav)...
    ... analyzing move 10
    ... analyzing move 15
    ... analyzing move 20
    ... analyzing move 25
    ... analyzing move 30
    ... analyzing move 35
    ... analyzing move 40
    ... analyzing move 45
    ... analyzing move 50
    ... analyzing move 55
    ... analyzing move 60
    ... analyzing move 65
    ... analyzing move 70
    ... analyzing move 75
    ... analyzing move 80
    ... analyzing move 85
    ... analyzing move 90
    ... analyzing move 95
Processing game 24 (Dushin, Aleksandr Viktorovich vs McKenzie, Colin D)...
    ... analyzing move 10
    ... analyzing move 15
    ... analyzing move 20
    ... analyzing move 25
    ... analyzing move 30
    ... analyzing move 35
    ... analyzing move 40
    ... analyzing move 45
    ... analyzing move 50
    ... analyzing move 55
    ... analyzing move 60
    ... analyzing move 65
    ... analyzing move 70
    ... analyzing move 75
    ... analyzing move 80
Processing game 25 (Boiko, V. vs Zargarian, Ruben)...
    ... analyzing move 10
    ... analyzing move 15
    ... analyzing move 20
    ... analyzing move 25
    ... analyzing move 30
    ... analyzing move 35
    ... analyzing move 40
    ... analyzing move 45
    ... analyzing move 50
    ... analyzing move 55
    ... analyzing move 60
    ... analyzing move 65
    ... analyzing move 70
    ... analyzing move 75
    ... analyzing move 80
    ... analyzing move 85
Processing game 26 (Pieper-Emden, Carsten vs Deleyn, Gunter)...
    ... analyzing move 10
    ... analyzing move 15
    ... analyzing move 20
    ... analyzing move 25
    ... analyzing move 30
    ... analyzing move 35
    ... analyzing move 40
Processing game 27 (Szczepaniak, Alicja vs Hietanen, Pauli)...
    ... analyzing move 10
    ... analyzing move 15
    ... analyzing move 20
    ... analyzing move 25
    ... analyzing move 30
    ... analyzing move 35
    ... analyzing move 40
    ... analyzing move 45
    ... analyzing move 50
    ... analyzing move 55
    ... analyzing move 60
    ... analyzing move 65
    ... analyzing move 70
    ... analyzing move 75
    ... analyzing move 80
    ... analyzing move 85
    ... analyzing move 90
Processing game 28 (Meessen, Rudolf vs Peschlow, Patrick, Dr.)...
    ... analyzing move 10
    ... analyzing move 15
    ... analyzing move 20
    ... analyzing move 25
    ... analyzing move 30
    ... analyzing move 35
    ... analyzing move 40
    ... analyzing move 45
Processing game 29 (Martys, Mark vs Mller-Alves, Martin)...
    ... analyzing move 10
    ... analyzing move 15
    ... analyzing move 20
    ... analyzing move 25
    ... analyzing move 30
    ... analyzing move 35
    ... analyzing move 40
    ... analyzing move 45
    ... analyzing move 50
    ... analyzing move 55
    ... analyzing move 60
    ... analyzing move 65
Processing game 30 (Philipowski, Robert vs Litwak, Aleksej)...
    ... analyzing move 10
    ... analyzing move 15
    ... analyzing move 20
    ... analyzing move 25
    ... analyzing move 30
    ... analyzing move 35
    ... analyzing move 40
    ... analyzing move 45
    ... analyzing move 50
    ... analyzing move 55
    ... analyzing move 60
    ... analyzing move 65
    ... analyzing move 70
    ... analyzing move 75
    ... analyzing move 80
    ... analyzing move 85
    ... analyzing move 90
    ... analyzing move 95
    ... analyzing move 100
    ... analyzing move 105
    ... analyzing move 110
    ... analyzing move 115
    ... analyzing move 120
    ... analyzing move 125
    ... analyzing move 130
    ... analyzing move 135
    ... analyzing move 140
    ... analyzing move 145
    ... analyzing move 150
    ... analyzing move 155
    ... analyzing move 160
    ... analyzing move 165
    ... analyzing move 170
Processing game 31 (Destruels Moreno, Francisco Ramn vs Secchi, Dino)...
    ... analyzing move 10
    ... analyzing move 15
    ... analyzing move 20
    ... analyzing move 25
    ... analyzing move 30
    ... analyzing move 35
    ... analyzing move 40
    ... analyzing move 45
    ... analyzing move 50
    ... analyzing move 55
    ... analyzing move 60
    ... analyzing move 65
    ... analyzing move 70
    ... analyzing move 75
    ... analyzing move 80
    ... analyzing move 85
Processing game 32 (Quesada Vera, Liordis vs Sanchez Alvarez, Roberto Carlos)...
    ... analyzing move 10
    ... analyzing move 15
    ... analyzing move 20
    ... analyzing move 25
    ... analyzing move 30
    ... analyzing move 35
    ... analyzing move 40
    ... analyzing move 45
    ... analyzing move 50
    ... analyzing move 55
    ... analyzing move 60
    ... analyzing move 65
Processing game 33 (Majstr, Jir (*1955) vs Wrschner, Miroslav)...
    ... analyzing move 10
    ... analyzing move 15
    ... analyzing move 20
    ... analyzing move 25
    ... analyzing move 30
    ... analyzing move 35
    ... analyzing move 40
    ... analyzing move 45
    ... analyzing move 50
    ... analyzing move 55
Processing game 34 (Quesada Vera, Liordis vs Jimenez Fraga, Pedro Alejandro)...
    ... analyzing move 10
    ... analyzing move 15
    ... analyzing move 20
    ... analyzing move 25
    ... analyzing move 30
    ... analyzing move 35
    ... analyzing move 40
    ... analyzing move 45
    ... analyzing move 50
    ... analyzing move 55
    ... analyzing move 60
    ... analyzing move 65
    ... analyzing move 70
    ... analyzing move 75
Processing game 35 (Peschlow, Patrick, Dr. vs Kaufeld, Juergen)...
    ... analyzing move 10
    ... analyzing move 15
    ... analyzing move 20
    ... analyzing move 25
    ... analyzing move 30
    ... analyzing move 35
    ... analyzing move 40
    ... analyzing move 45
    ... analyzing move 50
Processing game 36 (Lyell, Mark vs Szalanczi, Emil)...
    ... analyzing move 10
    ... analyzing move 15
    ... analyzing move 20
    ... analyzing move 25
    ... analyzing move 30
    ... analyzing move 35
    ... analyzing move 40
    ... analyzing move 45
    ... analyzing move 50
Processing game 37 (Lyell, Mark vs Szalanczi, Emil)...
    ... analyzing move 10
    ... analyzing move 15
    ... analyzing move 20
    ... analyzing move 25
    ... analyzing move 30
    ... analyzing move 35
    ... analyzing move 40
    ... analyzing move 45
    ... analyzing move 50
    ... analyzing move 55
    ... analyzing move 60
    ... analyzing move 65
    ... analyzing move 70
Processing game 38 (Heaton, Alan vs Dushin, Aleksandr Viktorovich)...
    ... analyzing move 10
    ... analyzing move 15
    ... analyzing move 20
    ... analyzing move 25
    ... analyzing move 30
    ... analyzing move 35
    ... analyzing move 40
Processing game 39 (Heaton, Alan vs Borstnik, Andrej)...
    ... analyzing move 10
    ... analyzing move 15
    ... analyzing move 20
    ... analyzing move 25
    ... analyzing move 30
    ... analyzing move 35
    ... analyzing move 40
    ... analyzing move 45
    ... analyzing move 50
    ... analyzing move 55
    ... analyzing move 60
    ... analyzing move 65
    ... analyzing move 70
    ... analyzing move 75
    ... analyzing move 80
    ... analyzing move 85
    ... analyzing move 90
    ... analyzing move 95
    ... analyzing move 100
    ... analyzing move 105
    ... analyzing move 110
Processing game 40 (Zargarian, Ruben vs Zorin,An RUS)...
    ... analyzing move 10
    ... analyzing move 15
    ... analyzing move 20
    ... analyzing move 25
    ... analyzing move 30
    ... analyzing move 35
    ... analyzing move 40
Processing game 41 (Manole, Gheorghe vs Cijs, Peter J G)...
    ... analyzing move 10
    ... analyzing move 15
    ... analyzing move 20
    ... analyzing move 25
    ... analyzing move 30
    ... analyzing move 35
    ... analyzing move 40
    ... analyzing move 45
    ... analyzing move 50
    ... analyzing move 55
    ... analyzing move 60
    ... analyzing move 65
    ... analyzing move 70
    ... analyzing move 75
    ... analyzing move 80
    ... analyzing move 85
    ... analyzing move 90
    ... analyzing move 95
    ... analyzing move 100
    ... analyzing move 105
    ... analyzing move 110
    ... analyzing move 115
    ... analyzing move 120
    ... analyzing move 125
    ... analyzing move 130
Processing game 42 (Cantelli, Alessandro vs Harvey, Donald J)...
    ... analyzing move 10
    ... analyzing move 15
    ... analyzing move 20
    ... analyzing move 25
    ... analyzing move 30
    ... analyzing move 35
    ... analyzing move 40
    ... analyzing move 45
    ... analyzing move 50
    ... analyzing move 55
    ... analyzing move 60
Processing game 43 (Jimenez Fraga, Pedro Alejandro vs Sanchez Alvarez, Roberto Carlos)...
    ... analyzing move 10
    ... analyzing move 15
    ... analyzing move 20
    ... analyzing move 25
    ... analyzing move 30
    ... analyzing move 35
    ... analyzing move 40
    ... analyzing move 45
    ... analyzing move 50
    ... analyzing move 55
    ... analyzing move 60
    ... analyzing move 65
    ... analyzing move 70
    ... analyzing move 75
    ... analyzing move 80
    ... analyzing move 85
    ... analyzing move 90
    ... analyzing move 95
    ... analyzing move 100
    ... analyzing move 105
    ... analyzing move 110
    ... analyzing move 115
    ... analyzing move 120
Processing game 44 (Siewert, Myrna vs Harvey, Donald J)...
    ... analyzing move 10
    ... analyzing move 15
    ... analyzing move 20
    ... analyzing move 25
    ... analyzing move 30
    ... analyzing move 35
    ... analyzing move 40
    ... analyzing move 45
    ... analyzing move 50
    ... analyzing move 55
Processing game 45 (Ivanov, Viktor Nikolaevich vs Kevick, Ing. Martin)...
    ... analyzing move 10
    ... analyzing move 15
    ... analyzing move 20
    ... analyzing move 25
    ... analyzing move 30
    ... analyzing move 35
    ... analyzing move 40
    ... analyzing move 45
    ... analyzing move 50
    ... analyzing move 55
    ... analyzing move 60
    ... analyzing move 65
Processing game 46 (Shnyrev, Viktor Petrovich vs Van Koningsveld, Menno P)...
    ... analyzing move 10
    ... analyzing move 15
    ... analyzing move 20
    ... analyzing move 25
    ... analyzing move 30
    ... analyzing move 35
    ... analyzing move 40
    ... analyzing move 45
    ... analyzing move 50
    ... analyzing move 55
    ... analyzing move 60
    ... analyzing move 65
    ... analyzing move 70
    ... analyzing move 75
    ... analyzing move 80
    ... analyzing move 85
    ... analyzing move 90
Processing game 47 (Daurelle, Herve vs Mller-Alves, Martin)...
    ... analyzing move 10
    ... analyzing move 15
    ... analyzing move 20
    ... analyzing move 25
    ... analyzing move 30
    ... analyzing move 35
    ... analyzing move 40
    ... analyzing move 45
Processing game 48 (Daurelle, Herve vs Mller-Alves, Martin)...
    ... analyzing move 10
    ... analyzing move 15
    ... analyzing move 20
    ... analyzing move 25
    ... analyzing move 30
    ... analyzing move 35
    ... analyzing move 40
    ... analyzing move 45
    ... analyzing move 50
    ... analyzing move 55
    ... analyzing move 60
    ... analyzing move 65
    ... analyzing move 70
    ... analyzing move 75
    ... analyzing move 80
    ... analyzing move 85
    ... analyzing move 90
    ... analyzing move 95
    ... analyzing move 100
    ... analyzing move 105
Processing game 49 (Van Koningsveld, Menno P vs Gerasimov, Vladimir Nikolaevich)...
    ... analyzing move 10
    ... analyzing move 15
    ... analyzing move 20
    ... analyzing move 25
    ... analyzing move 30
    ... analyzing move 35
    ... analyzing move 40
    ... analyzing move 45
    ... analyzing move 50
    ... analyzing move 55
    ... analyzing move 60
    ... analyzing move 65
    ... analyzing move 70
    ... analyzing move 75
Processing game 50 (Ivanov, Viktor Nikolaevich vs Broniek, Mariusz Maciej)...
    ... analyzing move 10
    ... analyzing move 15
    ... analyzing move 20
    ... analyzing move 25
    ... analyzing move 30
    ... analyzing move 35
    ... analyzing move 40
    ... analyzing move 45
    ... analyzing move 50
    ... analyzing move 55
    ... analyzing move 60
    ... analyzing move 65
    ... analyzing move 70
    ... analyzing move 75
    ... analyzing move 80
    ... analyzing move 85
    ... analyzing move 90
    ... analyzing move 95
    ... analyzing move 100
    ... analyzing move 105
    ... analyzing move 110
    ... analyzing move 115
    ... analyzing move 120
    ... analyzing move 125
    ... analyzing move 130
    ... analyzing move 135
    ... analyzing move 140
    ... analyzing move 145
    ... analyzing move 150
    ... analyzing move 155
    ... analyzing move 160
Processing game 51 (Broniek, Mariusz Maciej vs Kevick, Ing. Martin)...
    ... analyzing move 10
    ... analyzing move 15
    ... analyzing move 20
    ... analyzing move 25
    ... analyzing move 30
    ... analyzing move 35
    ... analyzing move 40
    ... analyzing move 45
    ... analyzing move 50
    ... analyzing move 55
    ... analyzing move 60
    ... analyzing move 65
    ... analyzing move 70
    ... analyzing move 75
    ... analyzing move 80
    ... analyzing move 85
    ... analyzing move 90
    ... analyzing move 95
    ... analyzing move 100
    ... analyzing move 105
    ... analyzing move 110
Processing game 52 (Gerasimov, Vladimir Nikolaevich vs Shnyrev, Viktor Petrovich)...
    ... analyzing move 10
    ... analyzing move 15
    ... analyzing move 20
    ... analyzing move 25
    ... analyzing move 30
    ... analyzing move 35
    ... analyzing move 40
    ... analyzing move 45
    ... analyzing move 50
    ... analyzing move 55
    ... analyzing move 60
    ... analyzing move 65
Processing game 53 (Siewert, Myrna vs Flitsch, Gnther)...
    ... analyzing move 10
    ... analyzing move 15
    ... analyzing move 20
    ... analyzing move 25
    ... analyzing move 30
    ... analyzing move 35
    ... analyzing move 40
    ... analyzing move 45
    ... analyzing move 50
    ... analyzing move 55
    ... analyzing move 60
    ... analyzing move 65
    ... analyzing move 70
    ... analyzing move 75
    ... analyzing move 80
    ... analyzing move 85
    ... analyzing move 90
    ... analyzing move 95
    ... analyzing move 100
    ... analyzing move 105
Processing game 54 (Cantelli, Alessandro vs Siewert, Myrna)...
    ... analyzing move 10
    ... analyzing move 15
    ... analyzing move 20
    ... analyzing move 25
    ... analyzing move 30
    ... analyzing move 35
    ... analyzing move 40
    ... analyzing move 45
    ... analyzing move 50
    ... analyzing move 55
    ... analyzing move 60
    ... analyzing move 65
    ... analyzing move 70
    ... analyzing move 75
    ... analyzing move 80
    ... analyzing move 85
    ... analyzing move 90
    ... analyzing move 95
    ... analyzing move 100
    ... analyzing move 105
    ... analyzing move 110
    ... analyzing move 115
    ... analyzing move 120
    ... analyzing move 125
    ... analyzing move 130
    ... analyzing move 135
    ... analyzing move 140
    ... analyzing move 145
    ... analyzing move 150
Processing game 55 (Weber-Widmer, Daniel A vs Boloban, Alexey)...
    ... analyzing move 10
    ... analyzing move 15
    ... analyzing move 20
    ... analyzing move 25
    ... analyzing move 30
    ... analyzing move 35
    ... analyzing move 40
    ... analyzing move 45
    ... analyzing move 50
    ... analyzing move 55
Processing game 56 (Braun, Christi2 vs Litwak, Aleksej)...
    ... analyzing move 10
    ... analyzing move 15
    ... analyzing move 20
    ... analyzing move 25
    ... analyzing move 30
    ... analyzing move 35
    ... analyzing move 40
    ... analyzing move 45
    ... analyzing move 50
    ... analyzing move 55
    ... analyzing move 60
    ... analyzing move 65
    ... analyzing move 70
    ... analyzing move 75
    ... analyzing move 80
Processing game 57 (Strnad, Jir vs Hudec, Dr. Jn)...
    ... analyzing move 10
    ... analyzing move 15
    ... analyzing move 20
    ... analyzing move 25
    ... analyzing move 30
    ... analyzing move 35
    ... analyzing move 40
    ... analyzing move 45
    ... analyzing move 50
    ... analyzing move 55
    ... analyzing move 60
    ... analyzing move 65
    ... analyzing move 70
    ... analyzing move 75
    ... analyzing move 80
    ... analyzing move 85
Processing game 58 (Braun, Christi2 vs Philipowski, Robert)...
    ... analyzing move 10
    ... analyzing move 15
    ... analyzing move 20
    ... analyzing move 25
    ... analyzing move 30
    ... analyzing move 35
    ... analyzing move 40
    ... analyzing move 45
    ... analyzing move 50
    ... analyzing move 55
    ... analyzing move 60
    ... analyzing move 65
    ... analyzing move 70
    ... analyzing move 75
    ... analyzing move 80
Processing game 59 (Heaton, Alan vs McKenzie, Colin D)...
    ... analyzing move 10
    ... analyzing move 15
    ... analyzing move 20
    ... analyzing move 25
    ... analyzing move 30
    ... analyzing move 35
    ... analyzing move 40
    ... analyzing move 45
    ... analyzing move 50
    ... analyzing move 55
    ... analyzing move 60
    ... analyzing move 65
    ... analyzing move 70
    ... analyzing move 75
    ... analyzing move 80
    ... analyzing move 85
    ... analyzing move 90
    ... analyzing move 95
    ... analyzing move 100
    ... analyzing move 105
    ... analyzing move 110
Processing game 60 (Cijs, Peter J G vs Nocci, Roberto)...
    ... analyzing move 10
    ... analyzing move 15
    ... analyzing move 20
    ... analyzing move 25
    ... analyzing move 30
    ... analyzing move 35
    ... analyzing move 40
    ... analyzing move 45
    ... analyzing move 50
    ... analyzing move 55
    ... analyzing move 60
    ... analyzing move 65
    ... analyzing move 70
    ... analyzing move 75
    ... analyzing move 80
    ... analyzing move 85
    ... analyzing move 90
    ... analyzing move 95
    ... analyzing move 100
    ... analyzing move 105
    ... analyzing move 110
    ... analyzing move 115
    ... analyzing move 120
    ... analyzing move 125
    ... analyzing move 130
    ... analyzing move 135
Processing game 61 (Peschlow, Patrick, Dr. vs Pieper-Emden, Carsten)...
    ... analyzing move 10
    ... analyzing move 15
    ... analyzing move 20
    ... analyzing move 25
    ... analyzing move 30
    ... analyzing move 35
    ... analyzing move 40
    ... analyzing move 45
    ... analyzing move 50
    ... analyzing move 55
    ... analyzing move 60
    ... analyzing move 65
    ... analyzing move 70
    ... analyzing move 75
    ... analyzing move 80
Processing game 62 (Harvey, Donald J vs Flitsch, Gnther)...
    ... analyzing move 10
    ... analyzing move 15
    ... analyzing move 20
    ... analyzing move 25
    ... analyzing move 30
    ... analyzing move 35
    ... analyzing move 40
    ... analyzing move 45
    ... analyzing move 50
    ... analyzing move 55
    ... analyzing move 60
    ... analyzing move 65
    ... analyzing move 70
    ... analyzing move 75
    ... analyzing move 80
    ... analyzing move 85
    ... analyzing move 90
    ... analyzing move 95
    ... analyzing move 100
    ... analyzing move 105
Processing game 63 (Borstnik, Andrej vs Dushin, Aleksandr Viktorovich)...
    ... analyzing move 10
    ... analyzing move 15
    ... analyzing move 20
    ... analyzing move 25
    ... analyzing move 30
    ... analyzing move 35
    ... analyzing move 40
    ... analyzing move 45
    ... analyzing move 50
    ... analyzing move 55
Processing game 64 (Borstnik, Andrej vs McKenzie, Colin D)...
    ... analyzing move 10
    ... analyzing move 15
    ... analyzing move 20
    ... analyzing move 25
    ... analyzing move 30
    ... analyzing move 35
    ... analyzing move 40
    ... analyzing move 45
    ... analyzing move 50
    ... analyzing move 55
    ... analyzing move 60
    ... analyzing move 65
    ... analyzing move 70
    ... analyzing move 75
Processing game 65 (Mller-Alves, Martin vs Martys, Mark)...
    ... analyzing move 10
    ... analyzing move 15
    ... analyzing move 20
    ... analyzing move 25
    ... analyzing move 30
    ... analyzing move 35
    ... analyzing move 40
    ... analyzing move 45
    ... analyzing move 50
    ... analyzing move 55
    ... analyzing move 60
    ... analyzing move 65
    ... analyzing move 70
    ... analyzing move 75
    ... analyzing move 80
    ... analyzing move 85
    ... analyzing move 90
    ... analyzing move 95
    ... analyzing move 100
    ... analyzing move 105
    ... analyzing move 110
    ... analyzing move 115
    ... analyzing move 120
Processing game 66 (Boloban, Alexey vs Fister, Bernard)...
    ... analyzing move 10
    ... analyzing move 15
    ... analyzing move 20
    ... analyzing move 25
    ... analyzing move 30
    ... analyzing move 35
    ... analyzing move 40
    ... analyzing move 45
    ... analyzing move 50
    ... analyzing move 55
    ... analyzing move 60
Processing game 67 (Hietanen, Pauli vs Gonzlez Alcn, Esteban)...
    ... analyzing move 10
    ... analyzing move 15
    ... analyzing move 20
    ... analyzing move 25
    ... analyzing move 30
    ... analyzing move 35
    ... analyzing move 40
    ... analyzing move 45
    ... analyzing move 50
    ... analyzing move 55
Processing game 68 (Litwak, Aleksej vs Meessen, Rudolf)...
    ... analyzing move 10
    ... analyzing move 15
    ... analyzing move 20
    ... analyzing move 25
    ... analyzing move 30
    ... analyzing move 35
    ... analyzing move 40
    ... analyzing move 45
    ... analyzing move 50
    ... analyzing move 55
    ... analyzing move 60
    ... analyzing move 65
    ... analyzing move 70
    ... analyzing move 75
    ... analyzing move 80
Processing game 69 (Hietanen, Pauli vs Destruels Moreno, Francisco Ramn)...
    ... analyzing move 10
    ... analyzing move 15
    ... analyzing move 20
    ... analyzing move 25
    ... analyzing move 30
    ... analyzing move 35
    ... analyzing move 40
    ... analyzing move 45
    ... analyzing move 50
    ... analyzing move 55
    ... analyzing move 60
    ... analyzing move 65
Processing game 70 (Szalanczi, Emil vs Lyell, Mark)...
    ... analyzing move 10
    ... analyzing move 15
    ... analyzing move 20
    ... analyzing move 25
    ... analyzing move 30
    ... analyzing move 35
    ... analyzing move 40
    ... analyzing move 45
    ... analyzing move 50
    ... analyzing move 55
    ... analyzing move 60
    ... analyzing move 65
    ... analyzing move 70
Processing game 71 (Weber-Widmer, Daniel A vs Quattrocchi, Gaetano)...
    ... analyzing move 10
    ... analyzing move 15
    ... analyzing move 20
    ... analyzing move 25
    ... analyzing move 30
    ... analyzing move 35
    ... analyzing move 40
Processing game 72 (Daurelle, Herve vs Mller-Alves, Martin)...
    ... analyzing move 10
    ... analyzing move 15
    ... analyzing move 20
    ... analyzing move 25
    ... analyzing move 30
    ... analyzing move 35
    ... analyzing move 40
    ... analyzing move 45
    ... analyzing move 50
    ... analyzing move 55
    ... analyzing move 60
    ... analyzing move 65
Processing game 73 (Ahn, Martin vs Meessen, Rudolf)...
    ... analyzing move 10
    ... analyzing move 15
    ... analyzing move 20
    ... analyzing move 25
    ... analyzing move 30
    ... analyzing move 35
    ... analyzing move 40
Processing game 74 (Gonzlez Alcn, Esteban vs Destruels Moreno, Francisco Ramn)...
    ... analyzing move 10
    ... analyzing move 15
    ... analyzing move 20
    ... analyzing move 25
    ... analyzing move 30
    ... analyzing move 35
    ... analyzing move 40
    ... analyzing move 45
    ... analyzing move 50
    ... analyzing move 55
    ... analyzing move 60
