Starting engine stockfish...
Processing all valid games from PGN file (no ELO filter applied).
Processing game 1 (Brodda, Wolfgang vs Habermehl, Tobias)...
    ... analyzing move 10
    ... analyzing move 15
    ... analyzing move 20
    ... analyzing move 25
    ... analyzing move 30
    ... analyzing move 35
    ... analyzing move 40
    ... analyzing move 45
    ... analyzing move 50
    ... analyzing move 55
    ... analyzing move 60
    ... analyzing move 65
    ... analyzing move 70
Processing game 2 (Karlsson, Lars vs Hector, Jonny)...
    ... analyzing move 10
    ... analyzing move 15
    ... analyzing move 20
    ... analyzing move 25
    ... analyzing move 30
    ... analyzing move 35
    ... analyzing move 40
    ... analyzing move 45
    ... analyzing move 50
    ... analyzing move 55
    ... analyzing move 60
    ... analyzing move 65
    ... analyzing move 70
    ... analyzing move 75
    ... analyzing move 80
Processing game 3 (Karlsson, Lars vs Reinderman, Dimitri)...
    ... analyzing move 10
    ... analyzing move 15
    ... analyzing move 20
    ... analyzing move 25
    ... analyzing move 30
    ... analyzing move 35
    ... analyzing move 40
    ... analyzing move 45
    ... analyzing move 50
    ... analyzing move 55
    ... analyzing move 60
    ... analyzing move 65
Processing game 4 (Le Roux, Jean-Pierre vs Prie, Eric)...
    ... analyzing move 10
    ... analyzing move 15
    ... analyzing move 20
    ... analyzing move 25
    ... analyzing move 30
    ... analyzing move 35
    ... analyzing move 40
    ... analyzing move 45
    ... analyzing move 50
    ... analyzing move 55
    ... analyzing move 60
Processing game 5 (Iotov, Valentin vs Starostits, Ilmars)...
    ... analyzing move 10
    ... analyzing move 15
    ... analyzing move 20
    ... analyzing move 25
    ... analyzing move 30
    ... analyzing move 35
    ... analyzing move 40
    ... analyzing move 45
    ... analyzing move 50
    ... analyzing move 55
    ... analyzing move 60
    ... analyzing move 65
    ... analyzing move 70
    ... analyzing move 75
Processing game 6 (Karlsson, Lars vs Brynell, Stellan)...
    ... analyzing move 10
    ... analyzing move 15
    ... analyzing move 20
    ... analyzing move 25
    ... analyzing move 30
    ... analyzing move 35
    ... analyzing move 40
    ... analyzing move 45
    ... analyzing move 50
    ... analyzing move 55
Processing game 7 (Polak, Tomas vs Vokac, Marek)...
    ... analyzing move 10
    ... analyzing move 15
    ... analyzing move 20
    ... analyzing move 25
    ... analyzing move 30
    ... analyzing move 35
    ... analyzing move 40
    ... analyzing move 45
    ... analyzing move 50
    ... analyzing move 55
    ... analyzing move 60
    ... analyzing move 65
    ... analyzing move 70
    ... analyzing move 75
    ... analyzing move 80
    ... analyzing move 85
    ... analyzing move 90
    ... analyzing move 95
    ... analyzing move 100
    ... analyzing move 105
    ... analyzing move 110
    ... analyzing move 115
    ... analyzing move 120
    ... analyzing move 125
    ... analyzing move 130
    ... analyzing move 135
    ... analyzing move 140
    ... analyzing move 145
    ... analyzing move 150
Processing game 8 (Prie, Eric vs Relange, Eloi)...
    ... analyzing move 10
    ... analyzing move 15
    ... analyzing move 20
    ... analyzing move 25
    ... analyzing move 30
    ... analyzing move 35
    ... analyzing move 40
    ... analyzing move 45
    ... analyzing move 50
    ... analyzing move 55
    ... analyzing move 60
    ... analyzing move 65
    ... analyzing move 70
    ... analyzing move 75
    ... analyzing move 80
    ... analyzing move 85
    ... analyzing move 90
Processing game 9 (Renet, Olivier vs Prie, Eric)...
    ... analyzing move 10
    ... analyzing move 15
    ... analyzing move 20
    ... analyzing move 25
    ... analyzing move 30
    ... analyzing move 35
    ... analyzing move 40
    ... analyzing move 45
    ... analyzing move 50
    ... analyzing move 55
    ... analyzing move 60
    ... analyzing move 65
    ... analyzing move 70
    ... analyzing move 75
    ... analyzing move 80
Processing game 10 (Prohaszka,P2 vs Bromberger, Stefan)...
    ... analyzing move 10
    ... analyzing move 15
    ... analyzing move 20
    ... analyzing move 25
    ... analyzing move 30
    ... analyzing move 35
    ... analyzing move 40
    ... analyzing move 45
Processing game 11 (Bromberger, Stefan vs Szabo, Krisztian)...
    ... analyzing move 10
    ... analyzing move 15
    ... analyzing move 20
    ... analyzing move 25
    ... analyzing move 30
    ... analyzing move 35
    ... analyzing move 40
    ... analyzing move 45
    ... analyzing move 50
    ... analyzing move 55
Processing game 12 (Shishkin, Vadim2 vs Murariu, Andrei)...
    ... analyzing move 10
    ... analyzing move 15
    ... analyzing move 20
    ... analyzing move 25
    ... analyzing move 30
    ... analyzing move 35
    ... analyzing move 40
    ... analyzing move 45
    ... analyzing move 50
    ... analyzing move 55
    ... analyzing move 60
    ... analyzing move 65
    ... analyzing move 70
    ... analyzing move 75
    ... analyzing move 80
    ... analyzing move 85
    ... analyzing move 90
    ... analyzing move 95
    ... analyzing move 100
Processing game 13 (Milanovic, Danilo vs Rogic, Davor)...
    ... analyzing move 10
    ... analyzing move 15
    ... analyzing move 20
    ... analyzing move 25
    ... analyzing move 30
    ... analyzing move 35
    ... analyzing move 40
    ... analyzing move 45
    ... analyzing move 50
    ... analyzing move 55
    ... analyzing move 60
    ... analyzing move 65
    ... analyzing move 70
    ... analyzing move 75
    ... analyzing move 80
    ... analyzing move 85
    ... analyzing move 90
    ... analyzing move 95
    ... analyzing move 100
Processing game 14 (Grivas, Efstratios vs Li, Shilong)...
    ... analyzing move 10
    ... analyzing move 15
    ... analyzing move 20
    ... analyzing move 25
    ... analyzing move 30
    ... analyzing move 35
    ... analyzing move 40
    ... analyzing move 45
    ... analyzing move 50
    ... analyzing move 55
    ... analyzing move 60
Processing game 15 (Brodda, Wolfgang vs Zidu, Jan)...
    ... analyzing move 10
    ... analyzing move 15
    ... analyzing move 20
    ... analyzing move 25
    ... analyzing move 30
    ... analyzing move 35
    ... analyzing move 40
    ... analyzing move 45
    ... analyzing move 50
Processing game 16 (Prohaszka,P2 vs Varga, Zo)...
    ... analyzing move 10
    ... analyzing move 15
    ... analyzing move 20
    ... analyzing move 25
    ... analyzing move 30
    ... analyzing move 35
    ... analyzing move 40
Processing game 17 (Simacek, Pavel vs Borisek, Jure)...
    ... analyzing move 10
    ... analyzing move 15
    ... analyzing move 20
    ... analyzing move 25
    ... analyzing move 30
    ... analyzing move 35
    ... analyzing move 40
    ... analyzing move 45
    ... analyzing move 50
    ... analyzing move 55
    ... analyzing move 60
    ... analyzing move 65
    ... analyzing move 70
    ... analyzing move 75
    ... analyzing move 80
    ... analyzing move 85
    ... analyzing move 90
Processing game 18 (Solari, Aldo vs Kühnel, Günter)...
    ... analyzing move 10
    ... analyzing move 15
    ... analyzing move 20
    ... analyzing move 25
    ... analyzing move 30
    ... analyzing move 35
    ... analyzing move 40
    ... analyzing move 45
Processing game 19 (Lagno, Kateryna vs Sveshnikov, Evgeny)...
    ... analyzing move 10
    ... analyzing move 15
    ... analyzing move 20
    ... analyzing move 25
    ... analyzing move 30
    ... analyzing move 35
    ... analyzing move 40
Processing game 20 (Le Roux, Jean-Pierre vs Relange, Eloi)...
    ... analyzing move 10
    ... analyzing move 15
    ... analyzing move 20
    ... analyzing move 25
    ... analyzing move 30
    ... analyzing move 35
    ... analyzing move 40
    ... analyzing move 45
    ... analyzing move 50
Processing game 21 (Le Roux, Jean-Pierre vs Renet, Olivier)...
    ... analyzing move 10
    ... analyzing move 15
    ... analyzing move 20
    ... analyzing move 25
    ... analyzing move 30
    ... analyzing move 35
    ... analyzing move 40
    ... analyzing move 45
    ... analyzing move 50
    ... analyzing move 55
    ... analyzing move 60
    ... analyzing move 65
    ... analyzing move 70
    ... analyzing move 75
    ... analyzing move 80
    ... analyzing move 85
    ... analyzing move 90
    ... analyzing move 95
    ... analyzing move 100
    ... analyzing move 105
    ... analyzing move 110
    ... analyzing move 115
    ... analyzing move 120
    ... analyzing move 125
Processing game 22 (Milanovic, Danilo vs Nanu, Costica-Ciprian)...
    ... analyzing move 10
    ... analyzing move 15
    ... analyzing move 20
    ... analyzing move 25
    ... analyzing move 30
    ... analyzing move 35
    ... analyzing move 40
    ... analyzing move 45
    ... analyzing move 50
    ... analyzing move 55
    ... analyzing move 60
    ... analyzing move 65
    ... analyzing move 70
    ... analyzing move 75
    ... analyzing move 80
    ... analyzing move 85
Processing game 23 (Moradiabadi, Elshan vs Kraai, Jesse)...
    ... analyzing move 10
    ... analyzing move 15
    ... analyzing move 20
    ... analyzing move 25
    ... analyzing move 30
    ... analyzing move 35
    ... analyzing move 40
    ... analyzing move 45
    ... analyzing move 50
    ... analyzing move 55
    ... analyzing move 60
    ... analyzing move 65
    ... analyzing move 70
    ... analyzing move 75
    ... analyzing move 80
    ... analyzing move 85
    ... analyzing move 90
    ... analyzing move 95
    ... analyzing move 100
    ... analyzing move 105
Processing game 24 (Gonzalez Garcia, J2. vs Reinaldo Castineira, Roi)...
    ... analyzing move 10
    ... analyzing move 15
    ... analyzing move 20
    ... analyzing move 25
    ... analyzing move 30
    ... analyzing move 35
    ... analyzing move 40
    ... analyzing move 45
    ... analyzing move 50
    ... analyzing move 55
    ... analyzing move 60
    ... analyzing move 65
    ... analyzing move 70
    ... analyzing move 75
    ... analyzing move 80
    ... analyzing move 85
    ... analyzing move 90
Processing game 25 (Simacek, Pavel vs Cvek, Robert)...
    ... analyzing move 10
    ... analyzing move 15
    ... analyzing move 20
    ... analyzing move 25
    ... analyzing move 30
    ... analyzing move 35
    ... analyzing move 40
    ... analyzing move 45
    ... analyzing move 50
    ... analyzing move 55
    ... analyzing move 60
    ... analyzing move 65
    ... analyzing move 70
    ... analyzing move 75
    ... analyzing move 80
    ... analyzing move 85
    ... analyzing move 90
    ... analyzing move 95
    ... analyzing move 100
    ... analyzing move 105
Processing game 26 (Prohaszka,P2 vs Varga, Zo)...
    ... analyzing move 10
    ... analyzing move 15
    ... analyzing move 20
    ... analyzing move 25
    ... analyzing move 30
    ... analyzing move 35
    ... analyzing move 40
    ... analyzing move 45
Processing game 27 (Moradiabadi, Elshan vs Danielsen, Henrik)...
    ... analyzing move 10
    ... analyzing move 15
    ... analyzing move 20
    ... analyzing move 25
    ... analyzing move 30
    ... analyzing move 35
    ... analyzing move 40
    ... analyzing move 45
    ... analyzing move 50
    ... analyzing move 55
Processing game 28 (Li, Shilong vs Reinderman, Dimitri)...
    ... analyzing move 10
    ... analyzing move 15
    ... analyzing move 20
    ... analyzing move 25
    ... analyzing move 30
    ... analyzing move 35
    ... analyzing move 40
    ... analyzing move 45
    ... analyzing move 50
Processing game 29 (Iotov, Valentin vs Manolache, Marius)...
    ... analyzing move 10
    ... analyzing move 15
    ... analyzing move 20
    ... analyzing move 25
    ... analyzing move 30
    ... analyzing move 35
    ... analyzing move 40
    ... analyzing move 45
    ... analyzing move 50
    ... analyzing move 55
    ... analyzing move 60
    ... analyzing move 65
    ... analyzing move 70
    ... analyzing move 75
    ... analyzing move 80
    ... analyzing move 85
    ... analyzing move 90
    ... analyzing move 95
    ... analyzing move 100
    ... analyzing move 105
Processing game 30 (Grigore, George-Gabriel vs Szabo, Gergely-Andras-Gyula)...
    ... analyzing move 10
    ... analyzing move 15
    ... analyzing move 20
    ... analyzing move 25
    ... analyzing move 30
    ... analyzing move 35
    ... analyzing move 40
    ... analyzing move 45
    ... analyzing move 50
    ... analyzing move 55
    ... analyzing move 60
    ... analyzing move 65
Processing game 31 (Ajrapetjan, Yuriy vs Smirnov, Igor3)...
    ... analyzing move 10
    ... analyzing move 15
    ... analyzing move 20
    ... analyzing move 25
    ... analyzing move 30
    ... analyzing move 35
    ... analyzing move 40
    ... analyzing move 45
    ... analyzing move 50
    ... analyzing move 55
Processing game 32 (Skoberne, Jure vs Tratar, Marko)...
    ... analyzing move 10
    ... analyzing move 15
    ... analyzing move 20
    ... analyzing move 25
    ... analyzing move 30
    ... analyzing move 35
    ... analyzing move 40
    ... analyzing move 45
    ... analyzing move 50
    ... analyzing move 55
    ... analyzing move 60
    ... analyzing move 65
    ... analyzing move 70
    ... analyzing move 75
    ... analyzing move 80
    ... analyzing move 85
    ... analyzing move 90
    ... analyzing move 95
    ... analyzing move 100
    ... analyzing move 105
    ... analyzing move 110
Processing game 33 (Jianu, Vlad-Cristian vs Manolache, Marius)...
    ... analyzing move 10
    ... analyzing move 15
    ... analyzing move 20
    ... analyzing move 25
    ... analyzing move 30
    ... analyzing move 35
    ... analyzing move 40
    ... analyzing move 45
    ... analyzing move 50
    ... analyzing move 55
    ... analyzing move 60
    ... analyzing move 65
    ... analyzing move 70
    ... analyzing move 75
    ... analyzing move 80
    ... analyzing move 85
    ... analyzing move 90
    ... analyzing move 95
    ... analyzing move 100
    ... analyzing move 105
    ... analyzing move 110
Processing game 34 (Milanovic, Danilo vs Jianu, Vlad-Cristian)...
    ... analyzing move 10
    ... analyzing move 15
    ... analyzing move 20
    ... analyzing move 25
    ... analyzing move 30
    ... analyzing move 35
    ... analyzing move 40
    ... analyzing move 45
    ... analyzing move 50
    ... analyzing move 55
    ... analyzing move 60
    ... analyzing move 65
    ... analyzing move 70
    ... analyzing move 75
    ... analyzing move 80
    ... analyzing move 85
    ... analyzing move 90
Processing game 35 (Esen, Baris vs Pap, Misa)...
    ... analyzing move 10
    ... analyzing move 15
    ... analyzing move 20
    ... analyzing move 25
    ... analyzing move 30
    ... analyzing move 35
    ... analyzing move 40
    ... analyzing move 45
    ... analyzing move 50
    ... analyzing move 55
    ... analyzing move 60
    ... analyzing move 65
    ... analyzing move 70
    ... analyzing move 75
    ... analyzing move 80
    ... analyzing move 85
Processing game 36 (Jovanic, Ognjen vs Milanovic, Danilo)...
    ... analyzing move 10
    ... analyzing move 15
    ... analyzing move 20
    ... analyzing move 25
    ... analyzing move 30
    ... analyzing move 35
    ... analyzing move 40
    ... analyzing move 45
    ... analyzing move 50
    ... analyzing move 55
    ... analyzing move 60
    ... analyzing move 65
    ... analyzing move 70
Processing game 37 (Grigore, George-Gabriel vs Jianu, Vlad-Cristian)...
    ... analyzing move 10
    ... analyzing move 15
    ... analyzing move 20
    ... analyzing move 25
    ... analyzing move 30
    ... analyzing move 35
    ... analyzing move 40
    ... analyzing move 45
    ... analyzing move 50
    ... analyzing move 55
    ... analyzing move 60
    ... analyzing move 65
    ... analyzing move 70
    ... analyzing move 75
    ... analyzing move 80
    ... analyzing move 85
    ... analyzing move 90
    ... analyzing move 95
    ... analyzing move 100
    ... analyzing move 105
    ... analyzing move 110
    ... analyzing move 115
    ... analyzing move 120
    ... analyzing move 125
    ... analyzing move 130
    ... analyzing move 135
Processing game 38 (Chrestani, Gilson Luís vs Solari, Aldo)...
    ... analyzing move 10
    ... analyzing move 15
    ... analyzing move 20
    ... analyzing move 25
    ... analyzing move 30
    ... analyzing move 35
    ... analyzing move 40
    ... analyzing move 45
    ... analyzing move 50
    ... analyzing move 55
    ... analyzing move 60
    ... analyzing move 65
    ... analyzing move 70
    ... analyzing move 75
    ... analyzing move 80
    ... analyzing move 85
    ... analyzing move 90
    ... analyzing move 95
    ... analyzing move 100
    ... analyzing move 105
    ... analyzing move 110
    ... analyzing move 115
    ... analyzing move 120
    ... analyzing move 125
    ... analyzing move 130
    ... analyzing move 135
Processing game 39 (Prohaszka,P2 vs Szabo, Krisztian)...
    ... analyzing move 10
    ... analyzing move 15
    ... analyzing move 20
    ... analyzing move 25
    ... analyzing move 30
    ... analyzing move 35
    ... analyzing move 40
    ... analyzing move 45
    ... analyzing move 50
    ... analyzing move 55
    ... analyzing move 60
    ... analyzing move 65
    ... analyzing move 70
    ... analyzing move 75
    ... analyzing move 80
    ... analyzing move 85
    ... analyzing move 90
    ... analyzing move 95
    ... analyzing move 100
    ... analyzing move 105
    ... analyzing move 110
    ... analyzing move 115
Processing game 40 (Solari, Aldo vs Piccoli, Fábio Bidart)...
    ... analyzing move 10
    ... analyzing move 15
    ... analyzing move 20
    ... analyzing move 25
    ... analyzing move 30
    ... analyzing move 35
    ... analyzing move 40
    ... analyzing move 45
    ... analyzing move 50
    ... analyzing move 55
    ... analyzing move 60
    ... analyzing move 65
    ... analyzing move 70
    ... analyzing move 75
    ... analyzing move 80
    ... analyzing move 85
    ... analyzing move 90
    ... analyzing move 95
    ... analyzing move 100
    ... analyzing move 105
    ... analyzing move 110
    ... analyzing move 115
    ... analyzing move 120
Processing game 41 (Habermehl, Tobias vs Blank, Wolfgang)...
    ... analyzing move 10
    ... analyzing move 15
    ... analyzing move 20
    ... analyzing move 25
    ... analyzing move 30
    ... analyzing move 35
    ... analyzing move 40
    ... analyzing move 45
    ... analyzing move 50
    ... analyzing move 55
    ... analyzing move 60
    ... analyzing move 65
    ... analyzing move 70
    ... analyzing move 75
    ... analyzing move 80
    ... analyzing move 85
    ... analyzing move 90
Processing game 42 (Gonzalez Garcia, J2. vs Bagheri,A)...
    ... analyzing move 10
    ... analyzing move 15
    ... analyzing move 20
    ... analyzing move 25
    ... analyzing move 30
    ... analyzing move 35
    ... analyzing move 40
    ... analyzing move 45
Processing game 43 (Maiorov,N vs Zhigalko, Sergei)...
    ... analyzing move 10
    ... analyzing move 15
    ... analyzing move 20
    ... analyzing move 25
    ... analyzing move 30
    ... analyzing move 35
    ... analyzing move 40
    ... analyzing move 45
    ... analyzing move 50
    ... analyzing move 55
    ... analyzing move 60
    ... analyzing move 65
    ... analyzing move 70
    ... analyzing move 75
    ... analyzing move 80
    ... analyzing move 85
    ... analyzing move 90
    ... analyzing move 95
    ... analyzing move 100
Processing game 44 (Braun,A vs Lagno, Kateryna)...
    ... analyzing move 10
    ... analyzing move 15
    ... analyzing move 20
    ... analyzing move 25
    ... analyzing move 30
    ... analyzing move 35
    ... analyzing move 40
    ... analyzing move 45
    ... analyzing move 50
    ... analyzing move 55
    ... analyzing move 60
    ... analyzing move 65
    ... analyzing move 70
    ... analyzing move 75
    ... analyzing move 80
    ... analyzing move 85
Processing game 45 (Grigore, George-Gabriel vs Berescu, Alin-Mile)...
    ... analyzing move 10
    ... analyzing move 15
    ... analyzing move 20
    ... analyzing move 25
    ... analyzing move 30
    ... analyzing move 35
    ... analyzing move 40
    ... analyzing move 45
    ... analyzing move 50
    ... analyzing move 55
    ... analyzing move 60
    ... analyzing move 65
    ... analyzing move 70
    ... analyzing move 75
Processing game 46 (Polak, Tomas vs Simacek, Pavel)...
    ... analyzing move 10
    ... analyzing move 15
    ... analyzing move 20
    ... analyzing move 25
    ... analyzing move 30
    ... analyzing move 35
    ... analyzing move 40
    ... analyzing move 45
    ... analyzing move 50
    ... analyzing move 55
    ... analyzing move 60
    ... analyzing move 65
Processing game 47 (Polak, Tomas vs Simacek, Pavel)...
    ... analyzing move 10
    ... analyzing move 15
    ... analyzing move 20
    ... analyzing move 25
    ... analyzing move 30
    ... analyzing move 35
    ... analyzing move 40
    ... analyzing move 45
    ... analyzing move 50
    ... analyzing move 55
    ... analyzing move 60
    ... analyzing move 65
    ... analyzing move 70
    ... analyzing move 75
    ... analyzing move 80
    ... analyzing move 85
    ... analyzing move 90
    ... analyzing move 95
    ... analyzing move 100
    ... analyzing move 105
Processing game 48 (Davidov, Alexandar vs Reinhart, Kenneth M)...
    ... analyzing move 10
    ... analyzing move 15
    ... analyzing move 20
    ... analyzing move 25
    ... analyzing move 30
    ... analyzing move 35
    ... analyzing move 40
    ... analyzing move 45
    ... analyzing move 50
    ... analyzing move 55
Processing game 49 (Tihonov, Jurij vs Maiorov,N)...
    ... analyzing move 10
    ... analyzing move 15
    ... analyzing move 20
    ... analyzing move 25
    ... analyzing move 30
    ... analyzing move 35
    ... analyzing move 40
Processing game 50 (Mrkvicka, Josef vs Machýcek, Lubomír)...
    ... analyzing move 10
    ... analyzing move 15
    ... analyzing move 20
    ... analyzing move 25
    ... analyzing move 30
    ... analyzing move 35
    ... analyzing move 40
    ... analyzing move 45
    ... analyzing move 50
    ... analyzing move 55
    ... analyzing move 60
    ... analyzing move 65
    ... analyzing move 70
    ... analyzing move 75
Processing game 51 (Nývlt, Zdenek vs Machýcek, Lubomír)...
    ... analyzing move 10
    ... analyzing move 15
    ... analyzing move 20
    ... analyzing move 25
    ... analyzing move 30
    ... analyzing move 35
    ... analyzing move 40
    ... analyzing move 45
    ... analyzing move 50
    ... analyzing move 55
    ... analyzing move 60
    ... analyzing move 65
    ... analyzing move 70
    ... analyzing move 75
    ... analyzing move 80
    ... analyzing move 85
Processing game 52 (Markos, Jan vs Lagno, Kateryna)...
    ... analyzing move 10
    ... analyzing move 15
    ... analyzing move 20
    ... analyzing move 25
    ... analyzing move 30
    ... analyzing move 35
    ... analyzing move 40
    ... analyzing move 45
    ... analyzing move 50
    ... analyzing move 55
Processing game 53 (Nývlt, Zdenek vs Zidu, Jan)...
    ... analyzing move 10
    ... analyzing move 15
    ... analyzing move 20
    ... analyzing move 25
    ... analyzing move 30
    ... analyzing move 35
    ... analyzing move 40
    ... analyzing move 45
    ... analyzing move 50
    ... analyzing move 55
    ... analyzing move 60
    ... analyzing move 65
    ... analyzing move 70
    ... analyzing move 75
Processing game 54 (Ajrapetjan, Yuriy vs Tukhaev, Adam)...
    ... analyzing move 10
    ... analyzing move 15
    ... analyzing move 20
    ... analyzing move 25
    ... analyzing move 30
    ... analyzing move 35
    ... analyzing move 40
    ... analyzing move 45
    ... analyzing move 50
    ... analyzing move 55
    ... analyzing move 60
    ... analyzing move 65
    ... analyzing move 70
    ... analyzing move 75
    ... analyzing move 80
    ... analyzing move 85
    ... analyzing move 90
    ... analyzing move 95
    ... analyzing move 100
Processing game 55 (Manolache, Marius vs Shishkin, Vadim2)...
    ... analyzing move 10
    ... analyzing move 15
    ... analyzing move 20
    ... analyzing move 25
    ... analyzing move 30
    ... analyzing move 35
    ... analyzing move 40
    ... analyzing move 45
    ... analyzing move 50
    ... analyzing move 55
Processing game 56 (Tihonov, Jurij vs Teterev, Vitaly)...
    ... analyzing move 10
    ... analyzing move 15
    ... analyzing move 20
    ... analyzing move 25
    ... analyzing move 30
    ... analyzing move 35
    ... analyzing move 40
    ... analyzing move 45
    ... analyzing move 50
    ... analyzing move 55
    ... analyzing move 60
    ... analyzing move 65
    ... analyzing move 70
    ... analyzing move 75
    ... analyzing move 80
Processing game 57 (Gonzalez Garcia, J2. vs Fluvia Poyatos, Jordi)...
    ... analyzing move 10
    ... analyzing move 15
    ... analyzing move 20
    ... analyzing move 25
    ... analyzing move 30
    ... analyzing move 35
    ... analyzing move 40
    ... analyzing move 45
    ... analyzing move 50
    ... analyzing move 55
    ... analyzing move 60
    ... analyzing move 65
    ... analyzing move 70
    ... analyzing move 75
Processing game 58 (Manolache, Marius vs Jianu, Vlad-Cristian)...
    ... analyzing move 10
    ... analyzing move 15
    ... analyzing move 20
    ... analyzing move 25
    ... analyzing move 30
    ... analyzing move 35
    ... analyzing move 40
    ... analyzing move 45
    ... analyzing move 50
    ... analyzing move 55
    ... analyzing move 60
    ... analyzing move 65
    ... analyzing move 70
    ... analyzing move 75
    ... analyzing move 80
    ... analyzing move 85
    ... analyzing move 90
    ... analyzing move 95
    ... analyzing move 100
    ... analyzing move 105
    ... analyzing move 110
Processing game 59 (Milanovic, Danilo vs Grigore, George-Gabriel)...
    ... analyzing move 10
    ... analyzing move 15
    ... analyzing move 20
    ... analyzing move 25
    ... analyzing move 30
    ... analyzing move 35
    ... analyzing move 40
    ... analyzing move 45
    ... analyzing move 50
    ... analyzing move 55
    ... analyzing move 60
    ... analyzing move 65
    ... analyzing move 70
    ... analyzing move 75
Processing game 60 (Tihonov, Jurij vs Shishkin, Vadim2)...
    ... analyzing move 10
    ... analyzing move 15
    ... analyzing move 20
    ... analyzing move 25
    ... analyzing move 30
    ... analyzing move 35
    ... analyzing move 40
    ... analyzing move 45
    ... analyzing move 50
    ... analyzing move 55
    ... analyzing move 60
    ... analyzing move 65
    ... analyzing move 70
    ... analyzing move 75
    ... analyzing move 80
    ... analyzing move 85
    ... analyzing move 90
Processing game 61 (Jovanic, Ognjen vs Fluvia Poyatos, Jordi)...
    ... analyzing move 10
    ... analyzing move 15
    ... analyzing move 20
    ... analyzing move 25
    ... analyzing move 30
    ... analyzing move 35
    ... analyzing move 40
    ... analyzing move 45
    ... analyzing move 50
    ... analyzing move 55
    ... analyzing move 60
    ... analyzing move 65
    ... analyzing move 70
    ... analyzing move 75
    ... analyzing move 80
    ... analyzing move 85
    ... analyzing move 90
    ... analyzing move 95
    ... analyzing move 100
Processing game 62 (Brynell, Stellan vs Braun,A)...
    ... analyzing move 10
    ... analyzing move 15
    ... analyzing move 20
    ... analyzing move 25
    ... analyzing move 30
    ... analyzing move 35
    ... analyzing move 40
    ... analyzing move 45
    ... analyzing move 50
    ... analyzing move 55
    ... analyzing move 60
    ... analyzing move 65
    ... analyzing move 70
    ... analyzing move 75
    ... analyzing move 80
    ... analyzing move 85
    ... analyzing move 90
    ... analyzing move 95
    ... analyzing move 100
    ... analyzing move 105
    ... analyzing move 110
    ... analyzing move 115
    ... analyzing move 120
    ... analyzing move 125
    ... analyzing move 130
    ... analyzing move 135
    ... analyzing move 140
    ... analyzing move 145
Processing game 63 (Nanu, Costica-Ciprian vs Manolache, Marius)...
    ... analyzing move 10
    ... analyzing move 15
    ... analyzing move 20
    ... analyzing move 25
    ... analyzing move 30
    ... analyzing move 35
    ... analyzing move 40
    ... analyzing move 45
Processing game 64 (Manolache, Marius vs Pap, Misa)...
    ... analyzing move 10
    ... analyzing move 15
    ... analyzing move 20
    ... analyzing move 25
    ... analyzing move 30
    ... analyzing move 35
    ... analyzing move 40
    ... analyzing move 45
    ... analyzing move 50
    ... analyzing move 55
    ... analyzing move 60
    ... analyzing move 65
    ... analyzing move 70
    ... analyzing move 75
    ... analyzing move 80
    ... analyzing move 85
    ... analyzing move 90
    ... analyzing move 95
    ... analyzing move 100
    ... analyzing move 105
    ... analyzing move 110
Processing game 65 (Bagheri,A vs Friedel, Joshua)...
    ... analyzing move 10
    ... analyzing move 15
    ... analyzing move 20
    ... analyzing move 25
    ... analyzing move 30
    ... analyzing move 35
    ... analyzing move 40
    ... analyzing move 45
    ... analyzing move 50
    ... analyzing move 55
    ... analyzing move 60
    ... analyzing move 65
    ... analyzing move 70
    ... analyzing move 75
    ... analyzing move 80
    ... analyzing move 85
    ... analyzing move 90
    ... analyzing move 95
    ... analyzing move 100
    ... analyzing move 105
Processing game 66 (Moradiabadi, Elshan vs Kraai, Jesse)...
    ... analyzing move 10
    ... analyzing move 15
    ... analyzing move 20
    ... analyzing move 25
    ... analyzing move 30
    ... analyzing move 35
    ... analyzing move 40
    ... analyzing move 45
    ... analyzing move 50
    ... analyzing move 55
    ... analyzing move 60
    ... analyzing move 65
    ... analyzing move 70
    ... analyzing move 75
    ... analyzing move 80
    ... analyzing move 85
    ... analyzing move 90
    ... analyzing move 95
    ... analyzing move 100
Processing game 67 (Manolache, Marius vs Iotov, Valentin)...
    ... analyzing move 10
    ... analyzing move 15
    ... analyzing move 20
    ... analyzing move 25
    ... analyzing move 30
    ... analyzing move 35
    ... analyzing move 40
    ... analyzing move 45
    ... analyzing move 50
    ... analyzing move 55
    ... analyzing move 60
    ... analyzing move 65
Processing game 68 (Manolache, Marius vs Jianu, Vlad-Cristian)...
    ... analyzing move 10
    ... analyzing move 15
    ... analyzing move 20
    ... analyzing move 25
    ... analyzing move 30
    ... analyzing move 35
    ... analyzing move 40
    ... analyzing move 45
    ... analyzing move 50
Processing game 69 (Nanu, Costica-Ciprian vs Grigore, George-Gabriel)...
    ... analyzing move 10
    ... analyzing move 15
    ... analyzing move 20
    ... analyzing move 25
    ... analyzing move 30
    ... analyzing move 35
    ... analyzing move 40
    ... analyzing move 45
    ... analyzing move 50
    ... analyzing move 55
    ... analyzing move 60
    ... analyzing move 65
    ... analyzing move 70
    ... analyzing move 75
Processing game 70 (Nanu, Costica-Ciprian vs Grigore, George-Gabriel)...
    ... analyzing move 10
    ... analyzing move 15
    ... analyzing move 20
    ... analyzing move 25
    ... analyzing move 30
    ... analyzing move 35
    ... analyzing move 40
    ... analyzing move 45
    ... analyzing move 50
    ... analyzing move 55
    ... analyzing move 60
    ... analyzing move 65
    ... analyzing move 70
    ... analyzing move 75
    ... analyzing move 80
    ... analyzing move 85
Processing game 71 (Manolache, Marius vs Jianu, Vlad-Cristian)...
    ... analyzing move 10
    ... analyzing move 15
    ... analyzing move 20
    ... analyzing move 25
    ... analyzing move 30
    ... analyzing move 35
    ... analyzing move 40
    ... analyzing move 45
    ... analyzing move 50
    ... analyzing move 55
    ... analyzing move 60
    ... analyzing move 65
    ... analyzing move 70
    ... analyzing move 75
    ... analyzing move 80
    ... analyzing move 85
    ... analyzing move 90
    ... analyzing move 95
    ... analyzing move 100
    ... analyzing move 105
    ... analyzing move 110
    ... analyzing move 115
    ... analyzing move 120
    ... analyzing move 125
    ... analyzing move 130
    ... analyzing move 135
    ... analyzing move 140
    ... analyzing move 145
    ... analyzing move 150
Processing game 72 (Tihonov, Jurij vs Zhigalko, Andrey)...
    ... analyzing move 10
    ... analyzing move 15
    ... analyzing move 20
    ... analyzing move 25
    ... analyzing move 30
    ... analyzing move 35
    ... analyzing move 40
    ... analyzing move 45
    ... analyzing move 50
    ... analyzing move 55
    ... analyzing move 60
    ... analyzing move 65
    ... analyzing move 70
    ... analyzing move 75
Processing game 73 (Moradiabadi, Elshan vs Le Roux, Jean-Pierre)...
    ... analyzing move 10
    ... analyzing move 15
    ... analyzing move 20
    ... analyzing move 25
    ... analyzing move 30
    ... analyzing move 35
    ... analyzing move 40
Processing game 74 (Manolache, Marius vs Jianu, Vlad-Cristian)...
    ... analyzing move 10
    ... analyzing move 15
    ... analyzing move 20
    ... analyzing move 25
    ... analyzing move 30
    ... analyzing move 35
    ... analyzing move 40
    ... analyzing move 45
    ... analyzing move 50
    ... analyzing move 55
    ... analyzing move 60
    ... analyzing move 65
    ... analyzing move 70
    ... analyzing move 75
    ... analyzing move 80
    ... analyzing move 85
    ... analyzing move 90
    ... analyzing move 95
    ... analyzing move 100
    ... analyzing move 105
    ... analyzing move 110
    ... analyzing move 115
    ... analyzing move 120
    ... analyzing move 125
Processing game 75 (Van der Wiel, John T.H. vs Li, Shilong)...
    ... analyzing move 10
    ... analyzing move 15
    ... analyzing move 20
    ... analyzing move 25
    ... analyzing move 30
    ... analyzing move 35
    ... analyzing move 40
    ... analyzing move 45
    ... analyzing move 50
    ... analyzing move 55
    ... analyzing move 60
    ... analyzing move 65
    ... analyzing move 70
    ... analyzing move 75
    ... analyzing move 80
    ... analyzing move 85
Processing game 76 (Skoberne, Jure vs Manolache, Marius)...
    ... analyzing move 10
    ... analyzing move 15
    ... analyzing move 20
    ... analyzing move 25
    ... analyzing move 30
    ... analyzing move 35
    ... analyzing move 40
    ... analyzing move 45
    ... analyzing move 50
    ... analyzing move 55
    ... analyzing move 60
Processing game 77 (Skoberne, Jure vs Papp,Ga)...
    ... analyzing move 10
    ... analyzing move 15
    ... analyzing move 20
    ... analyzing move 25
    ... analyzing move 30
    ... analyzing move 35
    ... analyzing move 40
    ... analyzing move 45
Processing game 78 (Pap, Misa vs Esen, Baris)...
    ... analyzing move 10
    ... analyzing move 15
    ... analyzing move 20
    ... analyzing move 25
    ... analyzing move 30
    ... analyzing move 35
    ... analyzing move 40
    ... analyzing move 45
    ... analyzing move 50
    ... analyzing move 55
    ... analyzing move 60
    ... analyzing move 65
    ... analyzing move 70
    ... analyzing move 75
    ... analyzing move 80
Processing game 79 (Murariu, Andrei vs Jianu, Vlad-Cristian)...
    ... analyzing move 10
    ... analyzing move 15
    ... analyzing move 20
    ... analyzing move 25
    ... analyzing move 30
    ... analyzing move 35
    ... analyzing move 40
    ... analyzing move 45
    ... analyzing move 50
    ... analyzing move 55
Processing game 80 (Murariu, Andrei vs Szabo, Gergely-Andras-Gyula)...
    ... analyzing move 10
    ... analyzing move 15
    ... analyzing move 20
    ... analyzing move 25
    ... analyzing move 30
    ... analyzing move 35
    ... analyzing move 40
    ... analyzing move 45
    ... analyzing move 50
    ... analyzing move 55
Processing game 81 (Simacek, Pavel vs Cvek, Robert)...
    ... analyzing move 10
    ... analyzing move 15
    ... analyzing move 20
    ... analyzing move 25
    ... analyzing move 30
    ... analyzing move 35
    ... analyzing move 40
    ... analyzing move 45
    ... analyzing move 50
    ... analyzing move 55
    ... analyzing move 60
    ... analyzing move 65
    ... analyzing move 70
    ... analyzing move 75
    ... analyzing move 80
    ... analyzing move 85
    ... analyzing move 90
    ... analyzing move 95
    ... analyzing move 100
    ... analyzing move 105
    ... analyzing move 110
    ... analyzing move 115
    ... analyzing move 120
    ... analyzing move 125
    ... analyzing move 130
Processing game 82 (Pridorozhni, Aleksei vs Ibrayev, Nurlan)...
    ... analyzing move 10
    ... analyzing move 15
    ... analyzing move 20
    ... analyzing move 25
    ... analyzing move 30
    ... analyzing move 35
    ... analyzing move 40
    ... analyzing move 45
    ... analyzing move 50
Processing game 83 (Starostits, Ilmars vs Jovanic, Ognjen)...
    ... analyzing move 10
    ... analyzing move 15
    ... analyzing move 20
    ... analyzing move 25
    ... analyzing move 30
    ... analyzing move 35
    ... analyzing move 40
    ... analyzing move 45
    ... analyzing move 50
    ... analyzing move 55
    ... analyzing move 60
    ... analyzing move 65
    ... analyzing move 70
    ... analyzing move 75
    ... analyzing move 80
    ... analyzing move 85
    ... analyzing move 90
    ... analyzing move 95
    ... analyzing move 100
    ... analyzing move 105
    ... analyzing move 110
    ... analyzing move 115
    ... analyzing move 120
    ... analyzing move 125
    ... analyzing move 130
    ... analyzing move 135
    ... analyzing move 140
    ... analyzing move 145
    ... analyzing move 150
    ... analyzing move 155
Processing game 84 (Pridorozhni, Aleksei vs Ibrayev, Nurlan)...
    ... analyzing move 10
    ... analyzing move 15
    ... analyzing move 20
    ... analyzing move 25
    ... analyzing move 30
    ... analyzing move 35
    ... analyzing move 40
    ... analyzing move 45
Processing game 85 (Reinaldo Castineira, Roi vs Pap, Misa)...
    ... analyzing move 10
    ... analyzing move 15
    ... analyzing move 20
    ... analyzing move 25
    ... analyzing move 30
    ... analyzing move 35
    ... analyzing move 40
    ... analyzing move 45
    ... analyzing move 50
    ... analyzing move 55
    ... analyzing move 60
    ... analyzing move 65
    ... analyzing move 70
    ... analyzing move 75
    ... analyzing move 80
    ... analyzing move 85
    ... analyzing move 90
    ... analyzing move 95
    ... analyzing move 100
Processing game 86 (Kasparov, Sergey vs Zhigalko, Andrey)...
    ... analyzing move 10
    ... analyzing move 15
    ... analyzing move 20
    ... analyzing move 25
    ... analyzing move 30
    ... analyzing move 35
    ... analyzing move 40
    ... analyzing move 45
    ... analyzing move 50
Processing game 87 (Kasparov, Sergey vs Tihonov, Jurij)...
    ... analyzing move 10
    ... analyzing move 15
    ... analyzing move 20
    ... analyzing move 25
    ... analyzing move 30
    ... analyzing move 35
    ... analyzing move 40
    ... analyzing move 45
    ... analyzing move 50
    ... analyzing move 55
    ... analyzing move 60
    ... analyzing move 65
    ... analyzing move 70
Processing game 88 (Ginsburg, Gennadi vs Bromberger, Stefan)...
    ... analyzing move 10
    ... analyzing move 15
    ... analyzing move 20
    ... analyzing move 25
    ... analyzing move 30
    ... analyzing move 35
    ... analyzing move 40
    ... analyzing move 45
    ... analyzing move 50
    ... analyzing move 55
Processing game 89 (Ismagambetov, Anuar vs Ibrayev, Nurlan)...
    ... analyzing move 10
    ... analyzing move 15
    ... analyzing move 20
    ... analyzing move 25
    ... analyzing move 30
    ... analyzing move 35
    ... analyzing move 40
    ... analyzing move 45
    ... analyzing move 50
    ... analyzing move 55
    ... analyzing move 60
    ... analyzing move 65
    ... analyzing move 70
Processing game 90 (Skoberne, Jure vs Esen, Baris)...
    ... analyzing move 10
    ... analyzing move 15
    ... analyzing move 20
    ... analyzing move 25
    ... analyzing move 30
    ... analyzing move 35
    ... analyzing move 40
    ... analyzing move 45
    ... analyzing move 50
    ... analyzing move 55
    ... analyzing move 60
    ... analyzing move 65
    ... analyzing move 70
    ... analyzing move 75
    ... analyzing move 80
    ... analyzing move 85
    ... analyzing move 90
    ... analyzing move 95
    ... analyzing move 100
    ... analyzing move 105
    ... analyzing move 110
    ... analyzing move 115
Processing game 91 (Zhigalko, Sergei vs Tihonov, Jurij)...
    ... analyzing move 10
    ... analyzing move 15
    ... analyzing move 20
    ... analyzing move 25
    ... analyzing move 30
    ... analyzing move 35
    ... analyzing move 40
    ... analyzing move 45
    ... analyzing move 50
    ... analyzing move 55
    ... analyzing move 60
    ... analyzing move 65
    ... analyzing move 70
    ... analyzing move 75
    ... analyzing move 80
    ... analyzing move 85
    ... analyzing move 90
    ... analyzing move 95
    ... analyzing move 100
    ... analyzing move 105
    ... analyzing move 110
    ... analyzing move 115
    ... analyzing move 120
    ... analyzing move 125
    ... analyzing move 130
    ... analyzing move 135
    ... analyzing move 140
    ... analyzing move 145
    ... analyzing move 150
    ... analyzing move 155
Processing game 92 (Carlsson, Pontus vs Li, Shilong)...
    ... analyzing move 10
    ... analyzing move 15
    ... analyzing move 20
    ... analyzing move 25
    ... analyzing move 30
    ... analyzing move 35
    ... analyzing move 40
    ... analyzing move 45
    ... analyzing move 50
    ... analyzing move 55
    ... analyzing move 60
    ... analyzing move 65
    ... analyzing move 70
    ... analyzing move 75
    ... analyzing move 80
    ... analyzing move 85
    ... analyzing move 90
    ... analyzing move 95
    ... analyzing move 100
    ... analyzing move 105
    ... analyzing move 110
Processing game 93 (Kögler, Klaus vs Kitson, Keith)...
    ... analyzing move 10
    ... analyzing move 15
    ... analyzing move 20
    ... analyzing move 25
    ... analyzing move 30
    ... analyzing move 35
    ... analyzing move 40
    ... analyzing move 45
    ... analyzing move 50
    ... analyzing move 55
    ... analyzing move 60
Processing game 94 (Bezgodov, Alexei vs Ibrayev, Nurlan)...
    ... analyzing move 10
    ... analyzing move 15
    ... analyzing move 20
    ... analyzing move 25
    ... analyzing move 30
    ... analyzing move 35
    ... analyzing move 40
    ... analyzing move 45
    ... analyzing move 50
    ... analyzing move 55
    ... analyzing move 60
    ... analyzing move 65
    ... analyzing move 70
    ... analyzing move 75
Processing game 95 (Renet, Olivier vs Relange, Eloi)...
    ... analyzing move 10
    ... analyzing move 15
    ... analyzing move 20
    ... analyzing move 25
    ... analyzing move 30
    ... analyzing move 35
    ... analyzing move 40
    ... analyzing move 45
    ... analyzing move 50
    ... analyzing move 55
    ... analyzing move 60
    ... analyzing move 65
    ... analyzing move 70
    ... analyzing move 75
    ... analyzing move 80
    ... analyzing move 85
    ... analyzing move 90
    ... analyzing move 95
    ... analyzing move 100
    ... analyzing move 105
    ... analyzing move 110
    ... analyzing move 115
    ... analyzing move 120
    ... analyzing move 125
    ... analyzing move 130
    ... analyzing move 135
    ... analyzing move 140
Processing game 96 (Smirnov, Igor3 vs Tukhaev, Adam)...
    ... analyzing move 10
    ... analyzing move 15
    ... analyzing move 20
    ... analyzing move 25
    ... analyzing move 30
    ... analyzing move 35
    ... analyzing move 40
    ... analyzing move 45
    ... analyzing move 50
    ... analyzing move 55
    ... analyzing move 60
    ... analyzing move 65
    ... analyzing move 70
Processing game 97 (Tiemann, Hagen vs Kitson, Keith)...
    ... analyzing move 10
    ... analyzing move 15
    ... analyzing move 20
    ... analyzing move 25
    ... analyzing move 30
    ... analyzing move 35
    ... analyzing move 40
    ... analyzing move 45
    ... analyzing move 50
    ... analyzing move 55
    ... analyzing move 60
    ... analyzing move 65
    ... analyzing move 70
    ... analyzing move 75
Processing game 98 (Borisek, Jure vs Le Roux, Jean-Pierre)...
    ... analyzing move 10
    ... analyzing move 15
    ... analyzing move 20
    ... analyzing move 25
    ... analyzing move 30
    ... analyzing move 35
    ... analyzing move 40
    ... analyzing move 45
    ... analyzing move 50
    ... analyzing move 55
    ... analyzing move 60
    ... analyzing move 65
Processing game 99 (Zhigalko, Sergei vs Teterev, Vitaly)...
    ... analyzing move 10
    ... analyzing move 15
    ... analyzing move 20
    ... analyzing move 25
    ... analyzing move 30
    ... analyzing move 35
    ... analyzing move 40
    ... analyzing move 45
    ... analyzing move 50
    ... analyzing move 55
    ... analyzing move 60
    ... analyzing move 65
    ... analyzing move 70
    ... analyzing move 75
    ... analyzing move 80
    ... analyzing move 85
    ... analyzing move 90
    ... analyzing move 95
Processing game 100 (Blank, Wolfgang vs Tiemann, Hagen)...
    ... analyzing move 10
    ... analyzing move 15
    ... analyzing move 20
    ... analyzing move 25
    ... analyzing move 30
    ... analyzing move 35
    ... analyzing move 40
    ... analyzing move 45
    ... analyzing move 50
    ... analyzing move 55
    ... analyzing move 60
    ... analyzing move 65
    ... analyzing move 70
    ... analyzing move 75
    ... analyzing move 80
    ... analyzing move 85
    ... analyzing move 90
    ... analyzing move 95
    ... analyzing move 100
    ... analyzing move 105
    ... analyzing move 110
    ... analyzing move 115
    ... analyzing move 120
    ... analyzing move 125
    ... analyzing move 130
    ... analyzing move 135
    ... analyzing move 140
    ... analyzing move 145
    ... analyzing move 150
Processing game 101 (Rinesi, Michele Benedetto vs Kitson, Keith)...
    ... analyzing move 10
    ... analyzing move 15
    ... analyzing move 20
    ... analyzing move 25
    ... analyzing move 30
    ... analyzing move 35
    ... analyzing move 40
    ... analyzing move 45
    ... analyzing move 50
    ... analyzing move 55
    ... analyzing move 60
    ... analyzing move 65
    ... analyzing move 70
    ... analyzing move 75
    ... analyzing move 80
    ... analyzing move 85
    ... analyzing move 90
    ... analyzing move 95
    ... analyzing move 100
Processing game 102 (Chrestani, Gilson Luís vs Piccoli, Fábio Bidart)...
    ... analyzing move 10
    ... analyzing move 15
    ... analyzing move 20
    ... analyzing move 25
    ... analyzing move 30
    ... analyzing move 35
    ... analyzing move 40
    ... analyzing move 45
    ... analyzing move 50
    ... analyzing move 55
    ... analyzing move 60
    ... analyzing move 65
    ... analyzing move 70
    ... analyzing move 75
    ... analyzing move 80
    ... analyzing move 85
    ... analyzing move 90
    ... analyzing move 95
    ... analyzing move 100
Processing game 103 (Davidov, Alexandar vs Silva, António Augusto M. )...
    ... analyzing move 10
    ... analyzing move 15
    ... analyzing move 20
    ... analyzing move 25
    ... analyzing move 30
    ... analyzing move 35
    ... analyzing move 40
    ... analyzing move 45
    ... analyzing move 50
    ... analyzing move 55
    ... analyzing move 60
    ... analyzing move 65
    ... analyzing move 70
    ... analyzing move 75
    ... analyzing move 80
    ... analyzing move 85
    ... analyzing move 90
    ... analyzing move 95
    ... analyzing move 100
    ... analyzing move 105
    ... analyzing move 110
    ... analyzing move 115
Processing game 104 (Van der Wiel, John T.H. vs Carlsson, Pontus)...
    ... analyzing move 10
    ... analyzing move 15
    ... analyzing move 20
    ... analyzing move 25
    ... analyzing move 30
    ... analyzing move 35
    ... analyzing move 40
    ... analyzing move 45
Processing game 105 (Kitson, Keith vs Lilleøren, Morten)...
    ... analyzing move 10
    ... analyzing move 15
    ... analyzing move 20
    ... analyzing move 25
    ... analyzing move 30
    ... analyzing move 35
    ... analyzing move 40
    ... analyzing move 45
    ... analyzing move 50
    ... analyzing move 55
Processing game 106 (Tiemann, Hagen vs Habermehl, Tobias)...
    ... analyzing move 10
    ... analyzing move 15
    ... analyzing move 20
    ... analyzing move 25
    ... analyzing move 30
    ... analyzing move 35
    ... analyzing move 40
    ... analyzing move 45
    ... analyzing move 50
    ... analyzing move 55
    ... analyzing move 60
    ... analyzing move 65
    ... analyzing move 70
    ... analyzing move 75
    ... analyzing move 80
    ... analyzing move 85
    ... analyzing move 90
    ... analyzing move 95
Processing game 107 (Tukhaev, Adam vs Smirnov, Igor3)...
    ... analyzing move 10
    ... analyzing move 15
    ... analyzing move 20
    ... analyzing move 25
    ... analyzing move 30
    ... analyzing move 35
    ... analyzing move 40
    ... analyzing move 45
    ... analyzing move 50
    ... analyzing move 55
    ... analyzing move 60
    ... analyzing move 65
    ... analyzing move 70
    ... analyzing move 75
    ... analyzing move 80
    ... analyzing move 85
Processing game 108 (Kasparov, Sergey vs Teterev, Vitaly)...
    ... analyzing move 10
    ... analyzing move 15
    ... analyzing move 20
    ... analyzing move 25
    ... analyzing move 30
    ... analyzing move 35
    ... analyzing move 40
    ... analyzing move 45
    ... analyzing move 50
    ... analyzing move 55
    ... analyzing move 60
    ... analyzing move 65
    ... analyzing move 70
    ... analyzing move 75
    ... analyzing move 80
    ... analyzing move 85
    ... analyzing move 90
Processing game 109 (Rogic, Davor vs Jovanic, Ognjen)...
    ... analyzing move 10
    ... analyzing move 15
    ... analyzing move 20
    ... analyzing move 25
    ... analyzing move 30
    ... analyzing move 35
    ... analyzing move 40
    ... analyzing move 45
    ... analyzing move 50
    ... analyzing move 55
    ... analyzing move 60
    ... analyzing move 65
    ... analyzing move 70
    ... analyzing move 75
    ... analyzing move 80
    ... analyzing move 85
Processing game 110 (Szabo, Gergely-Andras-Gyula vs Milanovic, Danilo)...
    ... analyzing move 10
    ... analyzing move 15
    ... analyzing move 20
    ... analyzing move 25
    ... analyzing move 30
    ... analyzing move 35
    ... analyzing move 40
    ... analyzing move 45
    ... analyzing move 50
Processing game 111 (Szabo, Gergely-Andras-Gyula vs Shishkin, Vadim2)...
    ... analyzing move 10
    ... analyzing move 15
    ... analyzing move 20
    ... analyzing move 25
    ... analyzing move 30
    ... analyzing move 35
    ... analyzing move 40
Processing game 112 (Starostits, Ilmars vs Sveshnikov, Evgeny)...
    ... analyzing move 10
    ... analyzing move 15
    ... analyzing move 20
    ... analyzing move 25
    ... analyzing move 30
    ... analyzing move 35
    ... analyzing move 40
Processing game 113 (Varga, Zo vs Bromberger, Stefan)...
    ... analyzing move 10
    ... analyzing move 15
    ... analyzing move 20
    ... analyzing move 25
    ... analyzing move 30
    ... analyzing move 35
    ... analyzing move 40
    ... analyzing move 45
    ... analyzing move 50
    ... analyzing move 55
    ... analyzing move 60
    ... analyzing move 65
    ... analyzing move 70
    ... analyzing move 75
    ... analyzing move 80
    ... analyzing move 85
    ... analyzing move 90
    ... analyzing move 95
    ... analyzing move 100
Processing game 114 (Van der Wiel, John T.H. vs Grivas, Efstratios)...
    ... analyzing move 10
    ... analyzing move 15
    ... analyzing move 20
    ... analyzing move 25
    ... analyzing move 30
    ... analyzing move 35
    ... analyzing move 40
    ... analyzing move 45
    ... analyzing move 50
    ... analyzing move 55
Processing game 115 (Borisek, Jure vs Cvek, Robert)...
    ... analyzing move 10
    ... analyzing move 15
    ... analyzing move 20
    ... analyzing move 25
    ... analyzing move 30
    ... analyzing move 35
    ... analyzing move 40
    ... analyzing move 45
    ... analyzing move 50
    ... analyzing move 55
    ... analyzing move 60
    ... analyzing move 65
Processing game 116 (Smirnov, Igor3 vs Tukhaev, Adam)...
    ... analyzing move 10
    ... analyzing move 15
    ... analyzing move 20
    ... analyzing move 25
    ... analyzing move 30
    ... analyzing move 35
    ... analyzing move 40
    ... analyzing move 45
    ... analyzing move 50
    ... analyzing move 55
    ... analyzing move 60
Processing game 117 (Hector, Jonny vs Karlsson, Lars)...
    ... analyzing move 10
    ... analyzing move 15
    ... analyzing move 20
    ... analyzing move 25
    ... analyzing move 30
    ... analyzing move 35
    ... analyzing move 40
    ... analyzing move 45
    ... analyzing move 50
    ... analyzing move 55
    ... analyzing move 60
    ... analyzing move 65
    ... analyzing move 70
Processing game 118 (Rinesi, Michele Benedetto vs Kögler, Klaus)...
    ... analyzing move 10
    ... analyzing move 15
    ... analyzing move 20
    ... analyzing move 25
    ... analyzing move 30
    ... analyzing move 35
    ... analyzing move 40
    ... analyzing move 45
    ... analyzing move 50
    ... analyzing move 55
    ... analyzing move 60
    ... analyzing move 65
    ... analyzing move 70
    ... analyzing move 75
    ... analyzing move 80
Processing game 119 (Berescu, Alin-Mile vs Milanovic, Danilo)...
    ... analyzing move 10
    ... analyzing move 15
    ... analyzing move 20
    ... analyzing move 25
    ... analyzing move 30
    ... analyzing move 35
    ... analyzing move 40
Processing game 120 (Borisek, Jure vs Markos, Jan)...
    ... analyzing move 10
    ... analyzing move 15
    ... analyzing move 20
    ... analyzing move 25
    ... analyzing move 30
    ... analyzing move 35
    ... analyzing move 40
    ... analyzing move 45
    ... analyzing move 50
    ... analyzing move 55
    ... analyzing move 60
    ... analyzing move 65
    ... analyzing move 70
    ... analyzing move 75
    ... analyzing move 80
    ... analyzing move 85
    ... analyzing move 90
    ... analyzing move 95
    ... analyzing move 100
    ... analyzing move 105
    ... analyzing move 110
    ... analyzing move 115
    ... analyzing move 120
    ... analyzing move 125
    ... analyzing move 130
    ... analyzing move 135
    ... analyzing move 140
Processing game 121 (Kühnel, Günter vs Chrestani, Gilson Luís)...
    ... analyzing move 10
    ... analyzing move 15
    ... analyzing move 20
    ... analyzing move 25
    ... analyzing move 30
    ... analyzing move 35
    ... analyzing move 40
    ... analyzing move 45
    ... analyzing move 50
    ... analyzing move 55
    ... analyzing move 60
    ... analyzing move 65
    ... analyzing move 70
    ... analyzing move 75
    ... analyzing move 80
    ... analyzing move 85
    ... analyzing move 90
    ... analyzing move 95
    ... analyzing move 100
    ... analyzing move 105
    ... analyzing move 110
    ... analyzing move 115
    ... analyzing move 120
    ... analyzing move 125
    ... analyzing move 130
    ... analyzing move 135
    ... analyzing move 140
    ... analyzing move 145
Processing game 122 (Papp,Ga vs Skoberne, Jure)...
    ... analyzing move 10
    ... analyzing move 15
    ... analyzing move 20
    ... analyzing move 25
    ... analyzing move 30
    ... analyzing move 35
    ... analyzing move 40
    ... analyzing move 45
    ... analyzing move 50
    ... analyzing move 55
    ... analyzing move 60
    ... analyzing move 65
    ... analyzing move 70
    ... analyzing move 75
Processing game 123 (Van der Wiel, John T.H. vs Kasparov, Sergey)...
    ... analyzing move 10
    ... analyzing move 15
    ... analyzing move 20
    ... analyzing move 25
    ... analyzing move 30
    ... analyzing move 35
    ... analyzing move 40
    ... analyzing move 45
    ... analyzing move 50
    ... analyzing move 55
    ... analyzing move 60
    ... analyzing move 65
    ... analyzing move 70
    ... analyzing move 75
    ... analyzing move 80
Processing game 124 (Zhigalko, Sergei vs Kasparov, Sergey)...
    ... analyzing move 10
    ... analyzing move 15
    ... analyzing move 20
    ... analyzing move 25
    ... analyzing move 30
    ... analyzing move 35
    ... analyzing move 40
    ... analyzing move 45
    ... analyzing move 50
    ... analyzing move 55
    ... analyzing move 60
    ... analyzing move 65
    ... analyzing move 70
    ... analyzing move 75
    ... analyzing move 80
    ... analyzing move 85
    ... analyzing move 90
Processing game 125 (Friedel, Joshua vs Bagheri,A)...
    ... analyzing move 10
    ... analyzing move 15
    ... analyzing move 20
    ... analyzing move 25
    ... analyzing move 30
    ... analyzing move 35
    ... analyzing move 40
    ... analyzing move 45
    ... analyzing move 50
    ... analyzing move 55
    ... analyzing move 60
    ... analyzing move 65
Processing game 126 (Berescu, Alin-Mile vs Nanu, Costica-Ciprian)...
    ... analyzing move 10
    ... analyzing move 15
    ... analyzing move 20
    ... analyzing move 25
    ... analyzing move 30
    ... analyzing move 35
    ... analyzing move 40
    ... analyzing move 45
    ... analyzing move 50
    ... analyzing move 55
    ... analyzing move 60
    ... analyzing move 65
    ... analyzing move 70
    ... analyzing move 75
    ... analyzing move 80
    ... analyzing move 85
    ... analyzing move 90
    ... analyzing move 95
    ... analyzing move 100
    ... analyzing move 105
    ... analyzing move 110
Processing game 127 (Szabo, Gergely-Andras-Gyula vs Nanu, Costica-Ciprian)...
    ... analyzing move 10
    ... analyzing move 15
    ... analyzing move 20
    ... analyzing move 25
    ... analyzing move 30
    ... analyzing move 35
    ... analyzing move 40
    ... analyzing move 45
    ... analyzing move 50
    ... analyzing move 55
    ... analyzing move 60
    ... analyzing move 65
    ... analyzing move 70
    ... analyzing move 75
    ... analyzing move 80
    ... analyzing move 85
Processing game 128 (Murariu, Andrei vs Nanu, Costica-Ciprian)...
    ... analyzing move 10
    ... analyzing move 15
    ... analyzing move 20
    ... analyzing move 25
    ... analyzing move 30
    ... analyzing move 35
    ... analyzing move 40
    ... analyzing move 45
    ... analyzing move 50
    ... analyzing move 55
    ... analyzing move 60
    ... analyzing move 65
    ... analyzing move 70
    ... analyzing move 75
    ... analyzing move 80
    ... analyzing move 85
    ... analyzing move 90
Processing game 129 (Ginsburg, Gennadi vs Reinderman, Dimitri)...
    ... analyzing move 10
    ... analyzing move 15
    ... analyzing move 20
    ... analyzing move 25
    ... analyzing move 30
    ... analyzing move 35
    ... analyzing move 40
    ... analyzing move 45
    ... analyzing move 50
    ... analyzing move 55
    ... analyzing move 60
    ... analyzing move 65
    ... analyzing move 70
    ... analyzing move 75
    ... analyzing move 80
    ... analyzing move 85
    ... analyzing move 90
Processing game 130 (Szabo, Krisztian vs Papp,Ga)...
    ... analyzing move 10
    ... analyzing move 15
    ... analyzing move 20
    ... analyzing move 25
    ... analyzing move 30
    ... analyzing move 35
    ... analyzing move 40
    ... analyzing move 45
    ... analyzing move 50
    ... analyzing move 55
    ... analyzing move 60
    ... analyzing move 65
    ... analyzing move 70
    ... analyzing move 75
    ... analyzing move 80
    ... analyzing move 85
    ... analyzing move 90
    ... analyzing move 95
    ... analyzing move 100
    ... analyzing move 105
    ... analyzing move 110
Processing game 131 (Pap, Misa vs Skoberne, Jure)...
    ... analyzing move 10
    ... analyzing move 15
    ... analyzing move 20
    ... analyzing move 25
    ... analyzing move 30
    ... analyzing move 35
    ... analyzing move 40
    ... analyzing move 45
    ... analyzing move 50
    ... analyzing move 55
    ... analyzing move 60
    ... analyzing move 65
    ... analyzing move 70
    ... analyzing move 75
    ... analyzing move 80
    ... analyzing move 85
    ... analyzing move 90
    ... analyzing move 95
Processing game 132 (Mrkvicka, Josef vs Nývlt, Zdenek)...
    ... analyzing move 10
    ... analyzing move 15
    ... analyzing move 20
    ... analyzing move 25
    ... analyzing move 30
    ... analyzing move 35
    ... analyzing move 40
    ... analyzing move 45
    ... analyzing move 50
    ... analyzing move 55
    ... analyzing move 60
Processing game 133 (Kasparov, Sergey vs Maiorov,N)...
    ... analyzing move 10
    ... analyzing move 15
    ... analyzing move 20
    ... analyzing move 25
    ... analyzing move 30
    ... analyzing move 35
    ... analyzing move 40
    ... analyzing move 45
    ... analyzing move 50
    ... analyzing move 55
    ... analyzing move 60
    ... analyzing move 65
    ... analyzing move 70
    ... analyzing move 75
    ... analyzing move 80
    ... analyzing move 85
    ... analyzing move 90
    ... analyzing move 95
    ... analyzing move 100
    ... analyzing move 105
    ... analyzing move 110
Processing game 134 (Teterev, Vitaly vs Maiorov,N)...
    ... analyzing move 10
    ... analyzing move 15
    ... analyzing move 20
    ... analyzing move 25
    ... analyzing move 30
    ... analyzing move 35
    ... analyzing move 40
    ... analyzing move 45
    ... analyzing move 50
    ... analyzing move 55
    ... analyzing move 60
    ... analyzing move 65
    ... analyzing move 70
Processing game 135 (Reinhart, Kenneth M vs Davidov, Alexandar)...
    ... analyzing move 10
    ... analyzing move 15
    ... analyzing move 20
    ... analyzing move 25
    ... analyzing move 30
    ... analyzing move 35
    ... analyzing move 40
    ... analyzing move 45
    ... analyzing move 50
    ... analyzing move 55
    ... analyzing move 60
    ... analyzing move 65
    ... analyzing move 70
    ... analyzing move 75
    ... analyzing move 80
Processing game 136 (Papp,Ga vs Prohaszka,P2)...
    ... analyzing move 10
    ... analyzing move 15
    ... analyzing move 20
    ... analyzing move 25
    ... analyzing move 30
    ... analyzing move 35
    ... analyzing move 40
    ... analyzing move 45
    ... analyzing move 50
    ... analyzing move 55
    ... analyzing move 60
    ... analyzing move 65
    ... analyzing move 70
    ... analyzing move 75
    ... analyzing move 80
    ... analyzing move 85
    ... analyzing move 90
    ... analyzing move 95
    ... analyzing move 100
    ... analyzing move 105
    ... analyzing move 110
Processing game 137 (Carlsson, Pontus vs Grivas, Efstratios)...
    ... analyzing move 10
    ... analyzing move 15
    ... analyzing move 20
    ... analyzing move 25
    ... analyzing move 30
    ... analyzing move 35
    ... analyzing move 40
Processing game 138 (Smirnov, Igor3 vs Ajrapetjan, Yuriy)...
    ... analyzing move 10
    ... analyzing move 15
    ... analyzing move 20
    ... analyzing move 25
    ... analyzing move 30
    ... analyzing move 35
    ... analyzing move 40
    ... analyzing move 45
    ... analyzing move 50
Processing game 139 (Tukhaev, Adam vs Ajrapetjan, Yuriy)...
    ... analyzing move 10
    ... analyzing move 15
    ... analyzing move 20
    ... analyzing move 25
    ... analyzing move 30
    ... analyzing move 35
    ... analyzing move 40
    ... analyzing move 45
    ... analyzing move 50
    ... analyzing move 55
    ... analyzing move 60
    ... analyzing move 65
    ... analyzing move 70
    ... analyzing move 75
    ... analyzing move 80
    ... analyzing move 85
    ... analyzing move 90
    ... analyzing move 95
    ... analyzing move 100
    ... analyzing move 105
Processing game 140 (Zhigalko, Andrey vs Maiorov,N)...
    ... analyzing move 10
    ... analyzing move 15
    ... analyzing move 20
    ... analyzing move 25
    ... analyzing move 30
    ... analyzing move 35
    ... analyzing move 40
    ... analyzing move 45
    ... analyzing move 50
    ... analyzing move 55
    ... analyzing move 60
    ... analyzing move 65
    ... analyzing move 70
    ... analyzing move 75
    ... analyzing move 80
    ... analyzing move 85
    ... analyzing move 90
    ... analyzing move 95
    ... analyzing move 100
    ... analyzing move 105
    ... analyzing move 110
    ... analyzing move 115
    ... analyzing move 120
    ... analyzing move 125
    ... analyzing move 130
    ... analyzing move 135
    ... analyzing move 140
    ... analyzing move 145
    ... analyzing move 150
Processing game 141 (Silva, António Augusto M.  vs Davidov, Alexandar)...
    ... analyzing move 10
    ... analyzing move 15
    ... analyzing move 20
    ... analyzing move 25
    ... analyzing move 30
    ... analyzing move 35
    ... analyzing move 40
    ... analyzing move 45
    ... analyzing move 50
    ... analyzing move 55
    ... analyzing move 60
    ... analyzing move 65
    ... analyzing move 70
    ... analyzing move 75
    ... analyzing move 80
    ... analyzing move 85
    ... analyzing move 90
    ... analyzing move 95
    ... analyzing move 100
    ... analyzing move 105
    ... analyzing move 110
    ... analyzing move 115
    ... analyzing move 120
    ... analyzing move 125
    ... analyzing move 130
    ... analyzing move 135
    ... analyzing move 140
Processing game 142 (Friedel, Joshua vs Gonzalez Garcia, J2.)...
    ... analyzing move 10
    ... analyzing move 15
    ... analyzing move 20
    ... analyzing move 25
    ... analyzing move 30
    ... analyzing move 35
    ... analyzing move 40
    ... analyzing move 45
    ... analyzing move 50
    ... analyzing move 55
    ... analyzing move 60
    ... analyzing move 65
    ... analyzing move 70
    ... analyzing move 75
    ... analyzing move 80
    ... analyzing move 85
Processing game 143 (Piccoli, Fábio Bidart vs Kühnel, Günter)...
    ... analyzing move 10
    ... analyzing move 15
    ... analyzing move 20
    ... analyzing move 25
    ... analyzing move 30
    ... analyzing move 35
    ... analyzing move 40
    ... analyzing move 45
    ... analyzing move 50
    ... analyzing move 55
    ... analyzing move 60
    ... analyzing move 65
    ... analyzing move 70
    ... analyzing move 75
Processing game 144 (Zidu, Jan vs Mrkvicka, Josef)...
    ... analyzing move 10
    ... analyzing move 15
    ... analyzing move 20
    ... analyzing move 25
    ... analyzing move 30
    ... analyzing move 35
    ... analyzing move 40
    ... analyzing move 45
    ... analyzing move 50
    ... analyzing move 55
    ... analyzing move 60
    ... analyzing move 65
    ... analyzing move 70
    ... analyzing move 75
    ... analyzing move 80
    ... analyzing move 85
    ... analyzing move 90
    ... analyzing move 95
    ... analyzing move 100
Processing game 145 (Pridorozhni, Aleksei vs Bezgodov, Alexei)...
    ... analyzing move 10
    ... analyzing move 15
    ... analyzing move 20
    ... analyzing move 25
    ... analyzing move 30
    ... analyzing move 35
    ... analyzing move 40
    ... analyzing move 45
    ... analyzing move 50
    ... analyzing move 55
    ... analyzing move 60
Processing game 146 (Bezgodov, Alexei vs Ismagambetov, Anuar)...
    ... analyzing move 10
    ... analyzing move 15
    ... analyzing move 20
    ... analyzing move 25
    ... analyzing move 30
    ... analyzing move 35
    ... analyzing move 40
    ... analyzing move 45
    ... analyzing move 50
    ... analyzing move 55
    ... analyzing move 60
Processing game 147 (Reinhart, Kenneth M vs Silva, António Augusto M. )...
    ... analyzing move 10
    ... analyzing move 15
    ... analyzing move 20
    ... analyzing move 25
    ... analyzing move 30
    ... analyzing move 35
    ... analyzing move 40
    ... analyzing move 45
    ... analyzing move 50
    ... analyzing move 55
    ... analyzing move 60
Processing game 148 (Szabo, Krisztian vs Varga, Zo)...
    ... analyzing move 10
    ... analyzing move 15
    ... analyzing move 20
    ... analyzing move 25
    ... analyzing move 30
    ... analyzing move 35
    ... analyzing move 40
    ... analyzing move 45
    ... analyzing move 50
    ... analyzing move 55
    ... analyzing move 60
    ... analyzing move 65
    ... analyzing move 70
    ... analyzing move 75
    ... analyzing move 80
    ... analyzing move 85
    ... analyzing move 90
    ... analyzing move 95
    ... analyzing move 100
    ... analyzing move 105
    ... analyzing move 110
Processing game 149 (Friedel, Joshua vs Moradiabadi, Elshan)...
    ... analyzing move 10
    ... analyzing move 15
    ... analyzing move 20
    ... analyzing move 25
    ... analyzing move 30
    ... analyzing move 35
    ... analyzing move 40
    ... analyzing move 45
    ... analyzing move 50
    ... analyzing move 55
    ... analyzing move 60
    ... analyzing move 65
    ... analyzing move 70
    ... analyzing move 75
    ... analyzing move 80
    ... analyzing move 85
    ... analyzing move 90
    ... analyzing move 95
    ... analyzing move 100
    ... analyzing move 105
    ... analyzing move 110
    ... analyzing move 115
    ... analyzing move 120
    ... analyzing move 125
Processing game 150 (Hector, Jonny vs Brynell, Stellan)...
    ... analyzing move 10
    ... analyzing move 15
    ... analyzing move 20
    ... analyzing move 25
    ... analyzing move 30
    ... analyzing move 35
    ... analyzing move 40
    ... analyzing move 45
    ... analyzing move 50
    ... analyzing move 55
    ... analyzing move 60
    ... analyzing move 65
    ... analyzing move 70
    ... analyzing move 75
    ... analyzing move 80
    ... analyzing move 85
    ... analyzing move 90
    ... analyzing move 95
    ... analyzing move 100
    ... analyzing move 105
    ... analyzing move 110
    ... analyzing move 115
    ... analyzing move 120
    ... analyzing move 125
    ... analyzing move 130
    ... analyzing move 135
    ... analyzing move 140
    ... analyzing move 145
    ... analyzing move 150
    ... analyzing move 155
    ... analyzing move 160
    ... analyzing move 165
    ... analyzing move 170
    ... analyzing move 175
    ... analyzing move 180
    ... analyzing move 185
    ... analyzing move 190
    ... analyzing move 195
Processing game 151 (Szabo, Gergely-Andras-Gyula vs Nanu, Costica-Ciprian)...
    ... analyzing move 10
    ... analyzing move 15
    ... analyzing move 20
    ... analyzing move 25
    ... analyzing move 30
    ... analyzing move 35
    ... analyzing move 40
    ... analyzing move 45
    ... analyzing move 50
    ... analyzing move 55
    ... analyzing move 60
    ... analyzing move 65
    ... analyzing move 70
    ... analyzing move 75
    ... analyzing move 80
    ... analyzing move 85
    ... analyzing move 90
    ... analyzing move 95
Processing game 152 (Blank, Wolfgang vs Brodda, Wolfgang)...
    ... analyzing move 10
    ... analyzing move 15
    ... analyzing move 20
    ... analyzing move 25
    ... analyzing move 30
    ... analyzing move 35
    ... analyzing move 40
    ... analyzing move 45
    ... analyzing move 50
    ... analyzing move 55
    ... analyzing move 60
Processing game 153 (Borisek, Jure vs Tratar, Marko)...
    ... analyzing move 10
    ... analyzing move 15
    ... analyzing move 20
    ... analyzing move 25
    ... analyzing move 30
    ... analyzing move 35
    ... analyzing move 40
    ... analyzing move 45
    ... analyzing move 50
    ... analyzing move 55
Processing game 154 (Simacek, Pavel vs Polak, Tomas)...
    ... analyzing move 10
    ... analyzing move 15
    ... analyzing move 20
    ... analyzing move 25
    ... analyzing move 30
    ... analyzing move 35
    ... analyzing move 40
    ... analyzing move 45
    ... analyzing move 50
    ... analyzing move 55
    ... analyzing move 60
Processing game 155 (Borisek, Jure vs Cvek, Robert)...
    ... analyzing move 10
    ... analyzing move 15
    ... analyzing move 20
    ... analyzing move 25
    ... analyzing move 30
    ... analyzing move 35
    ... analyzing move 40
    ... analyzing move 45
    ... analyzing move 50
    ... analyzing move 55
    ... analyzing move 60
    ... analyzing move 65
    ... analyzing move 70
    ... analyzing move 75
    ... analyzing move 80
    ... analyzing move 85
    ... analyzing move 90
    ... analyzing move 95
Processing game 156 (Silva, António Augusto M.  vs Reinhart, Kenneth M)...
    ... analyzing move 10
    ... analyzing move 15
    ... analyzing move 20
    ... analyzing move 25
    ... analyzing move 30
    ... analyzing move 35
    ... analyzing move 40
    ... analyzing move 45
    ... analyzing move 50
Processing game 157 (Simacek, Pavel vs Vokac, Marek)...
    ... analyzing move 10
    ... analyzing move 15
    ... analyzing move 20
    ... analyzing move 25
    ... analyzing move 30
    ... analyzing move 35
    ... analyzing move 40
    ... analyzing move 45
    ... analyzing move 50
    ... analyzing move 55
    ... analyzing move 60
    ... analyzing move 65
    ... analyzing move 70
    ... analyzing move 75
    ... analyzing move 80
    ... analyzing move 85
    ... analyzing move 90
    ... analyzing move 95
Processing game 158 (Sveshnikov, Evgeny vs Vokac, Marek)...
    ... analyzing move 10
    ... analyzing move 15
    ... analyzing move 20
    ... analyzing move 25
    ... analyzing move 30
    ... analyzing move 35
    ... analyzing move 40
    ... analyzing move 45
    ... analyzing move 50
    ... analyzing move 55
    ... analyzing move 60
    ... analyzing move 65
    ... analyzing move 70
    ... analyzing move 75
    ... analyzing move 80
    ... analyzing move 85
    ... analyzing move 90
    ... analyzing move 95
Processing game 159 (Friedel, Joshua vs Danielsen, Henrik)...
    ... analyzing move 10
    ... analyzing move 15
    ... analyzing move 20
    ... analyzing move 25
    ... analyzing move 30
    ... analyzing move 35
    ... analyzing move 40
    ... analyzing move 45
    ... analyzing move 50
    ... analyzing move 55
    ... analyzing move 60
    ... analyzing move 65
Processing game 160 (Ismagambetov, Anuar vs Pridorozhni, Aleksei)...
    ... analyzing move 10
    ... analyzing move 15
    ... analyzing move 20
    ... analyzing move 25
    ... analyzing move 30
    ... analyzing move 35
    ... analyzing move 40
    ... analyzing move 45
    ... analyzing move 50
Processing game 161 (Danielsen, Henrik vs Varga, Zo)...
    ... analyzing move 10
    ... analyzing move 15
    ... analyzing move 20
    ... analyzing move 25
    ... analyzing move 30
    ... analyzing move 35
    ... analyzing move 40
    ... analyzing move 45
    ... analyzing move 50
    ... analyzing move 55
    ... analyzing move 60
    ... analyzing move 65
    ... analyzing move 70
    ... analyzing move 75
    ... analyzing move 80
    ... analyzing move 85
    ... analyzing move 90
Processing game 162 (Danielsen, Henrik vs Friedel, Joshua)...
    ... analyzing move 10
    ... analyzing move 15
    ... analyzing move 20
    ... analyzing move 25
    ... analyzing move 30
    ... analyzing move 35
    ... analyzing move 40
    ... analyzing move 45
    ... analyzing move 50
    ... analyzing move 55
    ... analyzing move 60
    ... analyzing move 65
    ... analyzing move 70
    ... analyzing move 75
    ... analyzing move 80
    ... analyzing move 85
    ... analyzing move 90
    ... analyzing move 95
    ... analyzing move 100
    ... analyzing move 105
    ... analyzing move 110
    ... analyzing move 115
    ... analyzing move 120
    ... analyzing move 125
    ... analyzing move 130
    ... analyzing move 135
    ... analyzing move 140
    ... analyzing move 145
    ... analyzing move 150
    ... analyzing move 155
    ... analyzing move 160
Processing game 163 (Fluvia Poyatos, Jordi vs Reinaldo Castineira, Roi)...
    ... analyzing move 10
    ... analyzing move 15
    ... analyzing move 20
    ... analyzing move 25
    ... analyzing move 30
    ... analyzing move 35
    ... analyzing move 40
    ... analyzing move 45
    ... analyzing move 50
    ... analyzing move 55
Processing game 164 (Lilleøren, Morten vs Rinesi, Michele Benedetto)...
    ... analyzing move 10
    ... analyzing move 15
    ... analyzing move 20
    ... analyzing move 25
    ... analyzing move 30
    ... analyzing move 35
    ... analyzing move 40
    ... analyzing move 45
Processing game 165 (Kögler, Klaus vs Lilleøren, Morten)...
    ... analyzing move 10
    ... analyzing move 15
    ... analyzing move 20
    ... analyzing move 25
    ... analyzing move 30
    ... analyzing move 35
    ... analyzing move 40
    ... analyzing move 45
    ... analyzing move 50
    ... analyzing move 55
    ... analyzing move 60
    ... analyzing move 65
    ... analyzing move 70
Processing game 166 (Kraai, Jesse vs Gonzalez Garcia, J2.)...
    ... analyzing move 10
    ... analyzing move 15
    ... analyzing move 20
    ... analyzing move 25
    ... analyzing move 30
    ... analyzing move 35
    ... analyzing move 40
Processing game 167 (Tratar, Marko vs Rogic, Davor)...
    ... analyzing move 10
    ... analyzing move 15
    ... analyzing move 20
    ... analyzing move 25
    ... analyzing move 30
    ... analyzing move 35
    ... analyzing move 40
    ... analyzing move 45
    ... analyzing move 50
    ... analyzing move 55
    ... analyzing move 60
    ... analyzing move 65
    ... analyzing move 70
    ... analyzing move 75
    ... analyzing move 80
    ... analyzing move 85
    ... analyzing move 90
    ... analyzing move 95
Processing game 168 (Machýcek, Lubomír vs Zidu, Jan)...
    ... analyzing move 10
    ... analyzing move 15
    ... analyzing move 20
    ... analyzing move 25
    ... analyzing move 30
    ... analyzing move 35
    ... analyzing move 40
    ... analyzing move 45
    ... analyzing move 50
    ... analyzing move 55
    ... analyzing move 60
    ... analyzing move 65
    ... analyzing move 70
    ... analyzing move 75
    ... analyzing move 80
    ... analyzing move 85
    ... analyzing move 90
    ... analyzing move 95
    ... analyzing move 100
    ... analyzing move 105
Processing game 169 (Ismagambetov, Anuar vs Pridorozhni, Aleksei)...
    ... analyzing move 10
    ... analyzing move 15
    ... analyzing move 20
    ... analyzing move 25
    ... analyzing move 30
    ... analyzing move 35
    ... analyzing move 40
    ... analyzing move 45
    ... analyzing move 50
    ... analyzing move 55
    ... analyzing move 60
    ... analyzing move 65
    ... analyzing move 70
    ... analyzing move 75
    ... analyzing move 80
    ... analyzing move 85
    ... analyzing move 90
Processing game 170 (Nanu, Costica-Ciprian vs Jianu, Vlad-Cristian)...
    ... analyzing move 10
    ... analyzing move 15
    ... analyzing move 20
    ... analyzing move 25
    ... analyzing move 30
    ... analyzing move 35
    ... analyzing move 40
    ... analyzing move 45
    ... analyzing move 50
    ... analyzing move 55
    ... analyzing move 60
    ... analyzing move 65
Processing game 171 (Ginsburg, Gennadi vs Reinderman, Dimitri)...
    ... analyzing move 10
    ... analyzing move 15
    ... analyzing move 20
    ... analyzing move 25
    ... analyzing move 30
    ... analyzing move 35
    ... analyzing move 40
    ... analyzing move 45
    ... analyzing move 50
    ... analyzing move 55
    ... analyzing move 60
    ... analyzing move 65
    ... analyzing move 70
    ... analyzing move 75
    ... analyzing move 80
Processing game 172 (Markos, Jan vs Braun,A)...
    ... analyzing move 10
    ... analyzing move 15
    ... analyzing move 20
    ... analyzing move 25
    ... analyzing move 30
    ... analyzing move 35
    ... analyzing move 40
    ... analyzing move 45
    ... analyzing move 50
    ... analyzing move 55
    ... analyzing move 60
    ... analyzing move 65
    ... analyzing move 70
    ... analyzing move 75
    ... analyzing move 80
    ... analyzing move 85
    ... analyzing move 90
    ... analyzing move 95
    ... analyzing move 100
    ... analyzing move 105
Processing game 173 (Kraai, Jesse vs Moradiabadi, Elshan)...
    ... analyzing move 10
    ... analyzing move 15
    ... analyzing move 20
    ... analyzing move 25
    ... analyzing move 30
    ... analyzing move 35
    ... analyzing move 40
    ... analyzing move 45
    ... analyzing move 50
    ... analyzing move 55
    ... analyzing move 60
    ... analyzing move 65
    ... analyzing move 70
    ... analyzing move 75
    ... analyzing move 80
    ... analyzing move 85
    ... analyzing move 90
    ... analyzing move 95
    ... analyzing move 100
    ... analyzing move 105
    ... analyzing move 110
    ... analyzing move 115
    ... analyzing move 120
    ... analyzing move 125
    ... analyzing move 130
    ... analyzing move 135
    ... analyzing move 140
    ... analyzing move 145
    ... analyzing move 150
    ... analyzing move 155
    ... analyzing move 160
    ... analyzing move 165
Created 10949 training positions from 173 games.
Starting coarse grid search...
Coarse search best guess: s=0.100, c=1.00, score=0.013590
Starting local refinement with Nelder-Mead...
Optimization terminated successfully.
         Current function value: 0.000008
         Iterations: 37
         Function evaluations: 69
Refinement complete. Final best: s=0.0945, c=0.690, score=0.000008
Summary saved to LumbrasGigabase_OTB_ELO~2500_HalfMoves40-Date2006.01.01-2009.12.csv
